[13-Apr-2018 12:08:30 UTC] PHP Fatal error:  Cannot use App\Helpers\FinanceHelper as FinanceHelper because the name is already in use in /home/rsywtaecm3kh/sfr/app/Http/Controllers/HrController.php on line 31
[18-Apr-2018 07:55:33 UTC] PHP Fatal error:  Maximum execution time of 30 seconds exceeded in /home/rsywtaecm3kh/sfr/app/Http/Controllers/HrDataCallController.php on line 262
[18-Apr-2018 07:56:01 UTC] PHP Fatal error:  Maximum execution time of 30 seconds exceeded in /home/rsywtaecm3kh/sfr/app/Http/Controllers/HrDataCallController.php on line 262
[19-Apr-2018 10:23:48 UTC] PHP Fatal error:  Allowed memory size of 134217728 bytes exhausted (tried to allocate 65028096 bytes) in /home/rsywtaecm3kh/sfr/storage/framework/views/e2a8afa82994e6b5bb1d69a723c52de24c265c13.php on line 28
[19-Apr-2018 10:23:57 UTC] PHP Fatal error:  Allowed memory size of 134217728 bytes exhausted (tried to allocate 98582528 bytes) in /home/rsywtaecm3kh/sfr/storage/framework/views/e2a8afa82994e6b5bb1d69a723c52de24c265c13.php on line 28
[03-May-2018 05:24:04 UTC] PHP Fatal error:  Cannot use App\Models\VehicleType as VehicleType because the name is already in use in /home/rsywtaecm3kh/sfr/app/Http/Controllers/HrController.php on line 34
[10-May-2018 10:41:57 UTC] PHP Fatal error:  Cannot use [] for reading in /home/rsywtaecm3kh/sfr/app/Http/Controllers/StoreDeleteController.php on line 103
[10-May-2018 10:41:59 UTC] PHP Fatal error:  Cannot use [] for reading in /home/rsywtaecm3kh/sfr/app/Http/Controllers/StoreDeleteController.php on line 103
[10-May-2018 10:42:17 UTC] PHP Fatal error:  Cannot use [] for reading in /home/rsywtaecm3kh/sfr/app/Http/Controllers/StoreDeleteController.php on line 103
[21-May-2018 09:51:57 UTC] PHP Fatal error:  Allowed memory size of 134217728 bytes exhausted (tried to allocate 65028096 bytes) in /home/rsywtaecm3kh/sfr/storage/framework/views/a26c3ff019d3071ca3b8b8e011c0004d218213cb.php on line 130
[21-May-2018 09:52:01 UTC] PHP Fatal error:  Allowed memory size of 134217728 bytes exhausted (tried to allocate 98582528 bytes) in /home/rsywtaecm3kh/sfr/storage/framework/views/a26c3ff019d3071ca3b8b8e011c0004d218213cb.php on line 130
[21-May-2018 09:52:13 UTC] PHP Fatal error:  Allowed memory size of 134217728 bytes exhausted (tried to allocate 65028096 bytes) in /home/rsywtaecm3kh/sfr/storage/framework/views/a26c3ff019d3071ca3b8b8e011c0004d218213cb.php on line 130
[21-May-2018 09:52:28 UTC] PHP Fatal error:  Allowed memory size of 134217728 bytes exhausted (tried to allocate 100614144 bytes) in /home/rsywtaecm3kh/sfr/storage/framework/views/a26c3ff019d3071ca3b8b8e011c0004d218213cb.php on line 130
[21-May-2018 09:52:29 UTC] PHP Fatal error:  Allowed memory size of 134217728 bytes exhausted (tried to allocate 65028096 bytes) in /home/rsywtaecm3kh/sfr/storage/framework/views/a26c3ff019d3071ca3b8b8e011c0004d218213cb.php on line 130
[21-May-2018 09:52:31 UTC] PHP Fatal error:  Allowed memory size of 134217728 bytes exhausted (tried to allocate 98582528 bytes) in /home/rsywtaecm3kh/sfr/storage/framework/views/a26c3ff019d3071ca3b8b8e011c0004d218213cb.php on line 130
[21-May-2018 09:52:31 UTC] PHP Fatal error:  Allowed memory size of 134217728 bytes exhausted (tried to allocate 98582528 bytes) in /home/rsywtaecm3kh/sfr/storage/framework/views/a26c3ff019d3071ca3b8b8e011c0004d218213cb.php on line 130
[21-May-2018 09:52:33 UTC] PHP Fatal error:  Allowed memory size of 134217728 bytes exhausted (tried to allocate 98582528 bytes) in /home/rsywtaecm3kh/sfr/storage/framework/views/a26c3ff019d3071ca3b8b8e011c0004d218213cb.php on line 130
[21-May-2018 09:54:54 UTC] PHP Fatal error:  Allowed memory size of 134217728 bytes exhausted (tried to allocate 98582528 bytes) in /home/rsywtaecm3kh/sfr/storage/framework/views/a26c3ff019d3071ca3b8b8e011c0004d218213cb.php on line 130
[21-May-2018 09:55:00 UTC] PHP Fatal error:  Allowed memory size of 134217728 bytes exhausted (tried to allocate 65028096 bytes) in /home/rsywtaecm3kh/sfr/storage/framework/views/a26c3ff019d3071ca3b8b8e011c0004d218213cb.php on line 130
[21-May-2018 09:55:08 UTC] PHP Fatal error:  Allowed memory size of 134217728 bytes exhausted (tried to allocate 98582528 bytes) in /home/rsywtaecm3kh/sfr/storage/framework/views/a26c3ff019d3071ca3b8b8e011c0004d218213cb.php on line 130
[21-May-2018 09:55:55 UTC] PHP Fatal error:  Allowed memory size of 134217728 bytes exhausted (tried to allocate 65028096 bytes) in /home/rsywtaecm3kh/sfr/storage/framework/views/a26c3ff019d3071ca3b8b8e011c0004d218213cb.php on line 130
[21-May-2018 09:56:01 UTC] PHP Fatal error:  Allowed memory size of 134217728 bytes exhausted (tried to allocate 65028096 bytes) in /home/rsywtaecm3kh/sfr/storage/framework/views/a26c3ff019d3071ca3b8b8e011c0004d218213cb.php on line 130
[25-May-2018 06:25:09 UTC] PHP Fatal error:  Allowed memory size of 134217728 bytes exhausted (tried to allocate 98582528 bytes) in /home/rsywtaecm3kh/sfr/storage/framework/views/51d5838301b63896a333a1c6327c7e316e2673dd.php on line 32
[25-May-2018 06:25:16 UTC] PHP Fatal error:  Allowed memory size of 134217728 bytes exhausted (tried to allocate 98582528 bytes) in /home/rsywtaecm3kh/sfr/storage/framework/views/51d5838301b63896a333a1c6327c7e316e2673dd.php on line 32
[25-May-2018 06:25:22 UTC] PHP Fatal error:  Allowed memory size of 134217728 bytes exhausted (tried to allocate 98582528 bytes) in /home/rsywtaecm3kh/sfr/storage/framework/views/51d5838301b63896a333a1c6327c7e316e2673dd.php on line 32
[25-May-2018 06:25:28 UTC] PHP Fatal error:  Allowed memory size of 134217728 bytes exhausted (tried to allocate 65028096 bytes) in /home/rsywtaecm3kh/sfr/storage/framework/views/51d5838301b63896a333a1c6327c7e316e2673dd.php on line 32
[29-Jun-2018 10:56:34 UTC] PHP Fatal error:  Maximum execution time of 30 seconds exceeded in /home/rsywtaecm3kh/sfr/app/Http/Controllers/HrController.php on line 377
[02-Jul-2018 09:37:50 UTC] PHP Fatal error:  Namespace declaration statement has to be the very first statement or after any declare call in the script in /home/rsywtaecm3kh/sfr/app/Models/RequestHiringCandidates.php on line 4
[02-Jul-2018 09:38:36 UTC] PHP Fatal error:  Namespace declaration statement has to be the very first statement or after any declare call in the script in /home/rsywtaecm3kh/sfr/app/Models/RequestHiringCandidates.php on line 4
[02-Jul-2018 09:39:40 UTC] PHP Fatal error:  Class 'App\Models\Controller' not found in /home/rsywtaecm3kh/sfr/app/Http/Controllers/VisitorAddDetailController.php on line 13
[02-Jul-2018 09:41:41 UTC] PHP Fatal error:  Class 'App\Models\Controller' not found in /home/rsywtaecm3kh/sfr/app/Http/Controllers/VisitorAddDetailController.php on line 13
[02-Jul-2018 09:41:57 UTC] PHP Fatal error:  Class 'App\Models\Controller' not found in /home/rsywtaecm3kh/sfr/app/Http/Controllers/VisitorAddDetailController.php on line 13
[02-Jul-2018 09:42:07 UTC] PHP Fatal error:  Class 'App\Models\Controller' not found in /home/rsywtaecm3kh/sfr/app/Http/Controllers/VisitorAddDetailController.php on line 13
[02-Jul-2018 09:42:53 UTC] PHP Fatal error:  Class 'App\Models\Controller' not found in /home/rsywtaecm3kh/sfr/app/Http/Controllers/VisitorAddDetailController.php on line 13
[02-Jul-2018 09:43:28 UTC] PHP Fatal error:  Class 'App\Models\Controller' not found in /home/rsywtaecm3kh/sfr/app/Http/Controllers/VisitorAddDetailController.php on line 13
[03-Jul-2018 12:17:07 UTC] PHP Fatal error:  Maximum execution time of 30 seconds exceeded in /home/rsywtaecm3kh/sfr/vendor/laravel/framework/src/Illuminate/Database/Connection.php on line 326
[03-Jul-2018 12:19:08 UTC] PHP Fatal error:  Maximum execution time of 30 seconds exceeded in /home/rsywtaecm3kh/sfr/storage/framework/views/2e6fbe7ca779ac508dda12d784d0a6b6227a71cf.php on line 68
[03-Jul-2018 12:19:48 UTC] PHP Fatal error:  Maximum execution time of 30 seconds exceeded in /home/rsywtaecm3kh/sfr/vendor/laravel/framework/src/Illuminate/Database/Connection.php on line 326
[03-Jul-2018 12:35:45 UTC] PHP Fatal error:  Maximum execution time of 30 seconds exceeded in /home/rsywtaecm3kh/sfr/vendor/laravel/framework/src/Illuminate/Database/Connection.php on line 326
[03-Jul-2018 12:36:32 UTC] PHP Fatal error:  Maximum execution time of 30 seconds exceeded in /home/rsywtaecm3kh/sfr/vendor/laravel/framework/src/Illuminate/Database/Connection.php on line 332
[03-Jul-2018 12:36:56 UTC] PHP Fatal error:  Maximum execution time of 30 seconds exceeded in /home/rsywtaecm3kh/sfr/vendor/laravel/framework/src/Illuminate/Database/Connection.php on line 332
[03-Jul-2018 12:39:01 UTC] PHP Fatal error:  Maximum execution time of 30 seconds exceeded in /home/rsywtaecm3kh/sfr/vendor/laravel/framework/src/Illuminate/Support/Arr.php on line 297
[03-Jul-2018 12:39:06 UTC] PHP Fatal error:  Allowed memory size of 134217728 bytes exhausted (tried to allocate 98582528 bytes) in /home/rsywtaecm3kh/sfr/storage/framework/views/2e6fbe7ca779ac508dda12d784d0a6b6227a71cf.php on line 50
[03-Jul-2018 12:39:10 UTC] PHP Fatal error:  Allowed memory size of 134217728 bytes exhausted (tried to allocate 98582528 bytes) in /home/rsywtaecm3kh/sfr/storage/framework/views/2e6fbe7ca779ac508dda12d784d0a6b6227a71cf.php on line 50
[03-Jul-2018 12:40:31 UTC] PHP Fatal error:  Allowed memory size of 134217728 bytes exhausted (tried to allocate 98582528 bytes) in /home/rsywtaecm3kh/sfr/storage/framework/views/2e6fbe7ca779ac508dda12d784d0a6b6227a71cf.php on line 28
[04-Aug-2018 08:01:32 UTC] PHP Warning:  require(/home/rsywtaecm3kh/zamzama/public/../vendor/autoload.php): failed to open stream: No such file or directory in /home/rsywtaecm3kh/zamzama/public/index.php on line 24
[04-Aug-2018 08:01:32 UTC] PHP Fatal error:  require(): Failed opening required '/home/rsywtaecm3kh/zamzama/public/../vendor/autoload.php' (include_path='.:/opt/alt/php70/usr/share/pear') in /home/rsywtaecm3kh/zamzama/public/index.php on line 24
[04-Aug-2018 08:01:34 UTC] PHP Warning:  require(/home/rsywtaecm3kh/zamzama/public/../vendor/autoload.php): failed to open stream: No such file or directory in /home/rsywtaecm3kh/zamzama/public/index.php on line 24
[04-Aug-2018 08:01:34 UTC] PHP Fatal error:  require(): Failed opening required '/home/rsywtaecm3kh/zamzama/public/../vendor/autoload.php' (include_path='.:/opt/alt/php70/usr/share/pear') in /home/rsywtaecm3kh/zamzama/public/index.php on line 24
[04-Aug-2018 08:01:36 UTC] PHP Warning:  require(/home/rsywtaecm3kh/zamzama/public/../vendor/autoload.php): failed to open stream: No such file or directory in /home/rsywtaecm3kh/zamzama/public/index.php on line 24
[04-Aug-2018 08:01:36 UTC] PHP Fatal error:  require(): Failed opening required '/home/rsywtaecm3kh/zamzama/public/../vendor/autoload.php' (include_path='.:/opt/alt/php70/usr/share/pear') in /home/rsywtaecm3kh/zamzama/public/index.php on line 24
[04-Aug-2018 08:12:59 UTC] PHP Fatal error:  Cannot redeclare App\Helpers\CommonHelper::employeeSelectList() in /home/rsywtaecm3kh/zamzama/app/Helpers/CommonHelper.php on line 632
[04-Aug-2018 08:13:00 UTC] PHP Fatal error:  Cannot redeclare App\Helpers\CommonHelper::employeeSelectList() in /home/rsywtaecm3kh/zamzama/app/Helpers/CommonHelper.php on line 632
[04-Aug-2018 08:13:02 UTC] PHP Fatal error:  Cannot redeclare App\Helpers\CommonHelper::employeeSelectList() in /home/rsywtaecm3kh/zamzama/app/Helpers/CommonHelper.php on line 632
[04-Aug-2018 08:16:03 UTC] PHP Fatal error:  Cannot redeclare App\Helpers\CommonHelper::employeeSelectList() in /home/rsywtaecm3kh/zamzama/app/Helpers/CommonHelper.php on line 632
[04-Aug-2018 08:16:22 UTC] PHP Fatal error:  Cannot redeclare App\Helpers\CommonHelper::employeeSelectList() in /home/rsywtaecm3kh/zamzama/app/Helpers/CommonHelper.php on line 632
[04-Aug-2018 08:16:38 UTC] PHP Fatal error:  Cannot redeclare App\Helpers\CommonHelper::employeeSelectList() in /home/rsywtaecm3kh/zamzama/app/Helpers/CommonHelper.php on line 632
[04-Aug-2018 08:16:40 UTC] PHP Fatal error:  Cannot redeclare App\Helpers\CommonHelper::employeeSelectList() in /home/rsywtaecm3kh/zamzama/app/Helpers/CommonHelper.php on line 632
[04-Aug-2018 08:16:42 UTC] PHP Fatal error:  Cannot redeclare App\Helpers\CommonHelper::employeeSelectList() in /home/rsywtaecm3kh/zamzama/app/Helpers/CommonHelper.php on line 632
[04-Aug-2018 08:16:44 UTC] PHP Fatal error:  Cannot redeclare App\Helpers\CommonHelper::employeeSelectList() in /home/rsywtaecm3kh/zamzama/app/Helpers/CommonHelper.php on line 632
[04-Aug-2018 08:18:13 UTC] PHP Fatal error:  Cannot redeclare App\Helpers\CommonHelper::employeeSelectList() in /home/rsywtaecm3kh/zamzama/app/Helpers/CommonHelper.php on line 632
[04-Aug-2018 08:19:42 UTC] PHP Fatal error:  Cannot redeclare App\Helpers\CommonHelper::employeeSelectList() in /home/rsywtaecm3kh/zamzama/app/Helpers/CommonHelper.php on line 633
[04-Aug-2018 08:20:24 UTC] PHP Fatal error:  Cannot redeclare App\Helpers\CommonHelper::employeeSelectList() in /home/rsywtaecm3kh/zamzama/app/Helpers/CommonHelper.php on line 633
[04-Aug-2018 08:20:27 UTC] PHP Fatal error:  Cannot redeclare App\Helpers\CommonHelper::employeeSelectList() in /home/rsywtaecm3kh/zamzama/app/Helpers/CommonHelper.php on line 633
[04-Aug-2018 08:20:33 UTC] PHP Fatal error:  Cannot redeclare App\Helpers\CommonHelper::employeeSelectList() in /home/rsywtaecm3kh/zamzama/app/Helpers/CommonHelper.php on line 633
[04-Aug-2018 08:21:26 UTC] PHP Fatal error:  Cannot redeclare App\Helpers\CommonHelper::employeeSelectList() in /home/rsywtaecm3kh/zamzama/app/Helpers/CommonHelper.php on line 633
[19-Sep-2018 12:02:28 UTC] PHP Fatal error:  Maximum execution time of 30 seconds exceeded in /home/rsywtaecm3kh/zamzama/app/Http/Controllers/HrDataCallController.php on line 223
[19-Sep-2018 12:04:04 UTC] PHP Fatal error:  Maximum execution time of 30 seconds exceeded in /home/rsywtaecm3kh/zamzama/app/Http/Controllers/HrDataCallController.php on line 223
[19-Sep-2018 12:04:10 UTC] PHP Fatal error:  Maximum execution time of 30 seconds exceeded in /home/rsywtaecm3kh/zamzama/app/Http/Controllers/HrDataCallController.php on line 223
[19-Sep-2018 12:04:13 UTC] PHP Fatal error:  Maximum execution time of 30 seconds exceeded in /home/rsywtaecm3kh/zamzama/app/Http/Controllers/HrDataCallController.php on line 223
[19-Sep-2018 12:04:33 UTC] PHP Fatal error:  Maximum execution time of 30 seconds exceeded in /home/rsywtaecm3kh/zamzama/app/Http/Controllers/HrDataCallController.php on line 223
[27-Sep-2018 09:46:01 UTC] PHP Fatal error:  Allowed memory size of 134217728 bytes exhausted (tried to allocate 98582528 bytes) in /home/rsywtaecm3kh/zamzama/storage/framework/views/3755a2a5afc64a0fea56e8a046772d471b39b63a.php on line 17
[01-Oct-2018 07:53:05 UTC] PHP Fatal error:  Allowed memory size of 134217728 bytes exhausted (tried to allocate 98582528 bytes) in /home/rsywtaecm3kh/zamzama/storage/framework/views/e4aac4c02dca8cf78f1635870e46314d67b09dd8.php on line 16
[01-Oct-2018 07:53:09 UTC] PHP Fatal error:  Allowed memory size of 134217728 bytes exhausted (tried to allocate 98582528 bytes) in /home/rsywtaecm3kh/zamzama/storage/framework/views/e4aac4c02dca8cf78f1635870e46314d67b09dd8.php on line 16
[01-Oct-2018 07:53:14 UTC] PHP Fatal error:  Allowed memory size of 134217728 bytes exhausted (tried to allocate 98582528 bytes) in /home/rsywtaecm3kh/zamzama/storage/framework/views/e4aac4c02dca8cf78f1635870e46314d67b09dd8.php on line 16
[01-Oct-2018 07:53:24 UTC] PHP Fatal error:  Allowed memory size of 134217728 bytes exhausted (tried to allocate 98582528 bytes) in /home/rsywtaecm3kh/zamzama/storage/framework/views/e4aac4c02dca8cf78f1635870e46314d67b09dd8.php on line 16
[01-Oct-2018 07:54:49 UTC] PHP Fatal error:  Allowed memory size of 134217728 bytes exhausted (tried to allocate 98582528 bytes) in /home/rsywtaecm3kh/zamzama/storage/framework/views/e4aac4c02dca8cf78f1635870e46314d67b09dd8.php on line 16
[03-Oct-2018 06:22:44 UTC] PHP Warning:  Unterminated comment starting line 80 in /home/rsywtaecm3kh/zamzama/app/Http/Controllers/HrDataCallController.php on line 80
[03-Oct-2018 06:42:34 UTC] PHP Fatal error:  Cannot redeclare App\Http\Controllers\HrController::editHolidaysDetailForm() in /home/rsywtaecm3kh/zamzama/app/Http/Controllers/HrController.php on line 899
[06-Oct-2018 07:39:02 UTC] PHP Warning:  Unterminated comment starting line 81 in /home/rsywtaecm3kh/zamzama/app/Http/Controllers/HrDataCallController.php on line 81
[10-Oct-2018 12:45:29 UTC] PHP Fatal error:  Allowed memory size of 134217728 bytes exhausted (tried to allocate 90193920 bytes) in /home/rsywtaecm3kh/zamzama/storage/framework/views/5164ad7342040bc9df1f4bd9aee2b747d23466b5.php on line 3
[10-Oct-2018 12:45:42 UTC] PHP Fatal error:  Allowed memory size of 134217728 bytes exhausted (tried to allocate 98582528 bytes) in /home/rsywtaecm3kh/zamzama/storage/framework/views/5164ad7342040bc9df1f4bd9aee2b747d23466b5.php on line 3
[10-Oct-2018 12:47:14 UTC] PHP Fatal error:  Maximum execution time of 30 seconds exceeded in /home/rsywtaecm3kh/zamzama/app/Http/Controllers/HrDataCallController.php on line 653
[10-Oct-2018 12:47:43 UTC] PHP Fatal error:  Maximum execution time of 30 seconds exceeded in /home/rsywtaecm3kh/zamzama/app/Http/Controllers/HrDataCallController.php on line 653
[10-Oct-2018 12:48:17 UTC] PHP Fatal error:  Maximum execution time of 30 seconds exceeded in /home/rsywtaecm3kh/zamzama/app/Http/Controllers/HrDataCallController.php on line 653
[10-Oct-2018 12:51:12 UTC] PHP Fatal error:  Maximum execution time of 30 seconds exceeded in /home/rsywtaecm3kh/zamzama/app/Http/Controllers/HrDataCallController.php on line 653
[10-Oct-2018 12:52:11 UTC] PHP Fatal error:  Maximum execution time of 30 seconds exceeded in /home/rsywtaecm3kh/zamzama/app/Http/Controllers/HrDataCallController.php on line 653
[19-Oct-2018 11:10:23 UTC] PHP Fatal error:  Allowed memory size of 134217728 bytes exhausted (tried to allocate 90193920 bytes) in /home/rsywtaecm3kh/zamzama/storage/framework/views/2d4d33bb3cf5ad23a856258270f23f509864800d.php on line 91
[19-Oct-2018 11:10:31 UTC] PHP Fatal error:  Allowed memory size of 134217728 bytes exhausted (tried to allocate 90193920 bytes) in /home/rsywtaecm3kh/zamzama/storage/framework/views/2d4d33bb3cf5ad23a856258270f23f509864800d.php on line 91
[09-Nov-2018 10:45:53 UTC] PHP Fatal error:  Allowed memory size of 134217728 bytes exhausted (tried to allocate 65028096 bytes) in /home/rsywtaecm3kh/zamzama/storage/framework/views/2e8bca7ea8ca5266aff4588fb7bb23e8a159f5c0.php on line 254
[09-Nov-2018 10:45:59 UTC] PHP Fatal error:  Allowed memory size of 134217728 bytes exhausted (tried to allocate 65028096 bytes) in /home/rsywtaecm3kh/zamzama/storage/framework/views/2e8bca7ea8ca5266aff4588fb7bb23e8a159f5c0.php on line 254
[01-Jan-2019 08:24:20 UTC] PHP Warning:  Unterminated comment starting line 82 in /home/rsywtaecm3kh/demo/app/Http/Controllers/HrDataCallController.php on line 82
[01-Jan-2019 08:27:09 UTC] PHP Warning:  Unterminated comment starting line 82 in /home/rsywtaecm3kh/demo/app/Http/Controllers/HrDataCallController.php on line 82
[07-Jan-2019 06:42:42 UTC] PHP Fatal error:  Allowed memory size of 134217728 bytes exhausted (tried to allocate 4096 bytes) in /home/rsywtaecm3kh/demo/vendor/maatwebsite/excel/src/Maatwebsite/Excel/Parsers/ExcelParser.php on line 478
[08-Jan-2019 10:24:41 UTC] PHP Fatal error:  Allowed memory size of 134217728 bytes exhausted (tried to allocate 98582528 bytes) in /home/rsywtaecm3kh/demo/storage/framework/views/32b9a018eef9777fcf49420911fdc9092138d658.php on line 1362
[08-Jan-2019 10:24:49 UTC] PHP Fatal error:  Allowed memory size of 134217728 bytes exhausted (tried to allocate 98582528 bytes) in /home/rsywtaecm3kh/demo/storage/framework/views/32b9a018eef9777fcf49420911fdc9092138d658.php on line 1362
[09-Jan-2019 07:49:04 UTC] PHP Fatal error:  Maximum execution time of 30 seconds exceeded in /home/rsywtaecm3kh/demo/app/Http/Controllers/HrDataCallController.php on line 1346
[09-Jan-2019 07:51:12 UTC] PHP Fatal error:  Maximum execution time of 30 seconds exceeded in /home/rsywtaecm3kh/demo/app/Http/Controllers/HrDataCallController.php on line 1346
[09-Jan-2019 07:51:53 UTC] PHP Fatal error:  Maximum execution time of 30 seconds exceeded in /home/rsywtaecm3kh/demo/app/Http/Controllers/HrDataCallController.php on line 1346
[09-Jan-2019 07:53:04 UTC] PHP Fatal error:  Maximum execution time of 30 seconds exceeded in /home/rsywtaecm3kh/demo/app/Http/Controllers/HrDataCallController.php on line 1346
[14-Jan-2019 10:08:30 UTC] PHP Fatal error:  Maximum execution time of 30 seconds exceeded in /home/rsywtaecm3kh/testing.sprucenetwork.com/app/Http/Controllers/HrDataCallController.php on line 1365
[14-Jan-2019 10:11:20 UTC] PHP Fatal error:  Maximum execution time of 30 seconds exceeded in /home/rsywtaecm3kh/testing.sprucenetwork.com/app/Http/Controllers/HrDataCallController.php on line 1365
[14-Jan-2019 10:11:37 UTC] PHP Fatal error:  Maximum execution time of 30 seconds exceeded in /home/rsywtaecm3kh/testing.sprucenetwork.com/app/Http/Controllers/HrDataCallController.php on line 1365
[18-Jan-2019 06:05:17 UTC] PHP Fatal error:  Maximum execution time of 30 seconds exceeded in /home/rsywtaecm3kh/testing.sprucenetwork.com/app/Http/Controllers/HrDataCallController.php on line 1473
[31-Jan-2019 06:42:33 UTC] PHP Fatal error:  Maximum execution time of 30 seconds exceeded in /home/rsywtaecm3kh/testing.sprucenetwork.com/app/Http/Controllers/HrController.php on line 1421
[31-Jan-2019 07:25:05 UTC] PHP Fatal error:  Cannot use Illuminate\Support\Facades\Auth as Auth because the name is already in use in /home/rsywtaecm3kh/testing.sprucenetwork.com/app/Providers/AppServiceProvider.php on line 10
[31-Jan-2019 07:25:13 UTC] PHP Fatal error:  Cannot use Illuminate\Support\Facades\Auth as Auth because the name is already in use in /home/rsywtaecm3kh/testing.sprucenetwork.com/app/Providers/AppServiceProvider.php on line 10
[31-Jan-2019 07:25:17 UTC] PHP Fatal error:  Cannot use Illuminate\Support\Facades\Auth as Auth because the name is already in use in /home/rsywtaecm3kh/testing.sprucenetwork.com/app/Providers/AppServiceProvider.php on line 10
[31-Jan-2019 07:25:17 UTC] PHP Fatal error:  Cannot use Illuminate\Support\Facades\Auth as Auth because the name is already in use in /home/rsywtaecm3kh/testing.sprucenetwork.com/app/Providers/AppServiceProvider.php on line 10
[31-Jan-2019 11:20:26 UTC] PHP Fatal error:  Maximum execution time of 30 seconds exceeded in /home/rsywtaecm3kh/testing.sprucenetwork.com/app/Http/Controllers/HrController.php on line 1433
[31-Jan-2019 11:20:36 UTC] PHP Fatal error:  Maximum execution time of 30 seconds exceeded in /home/rsywtaecm3kh/testing.sprucenetwork.com/app/Http/Controllers/HrController.php on line 1433
[02-Feb-2019 05:10:20 UTC] PHP Fatal error:  Maximum execution time of 30 seconds exceeded in /home/rsywtaecm3kh/testing.sprucenetwork.com/app/Http/Controllers/HrDataCallController.php on line 1589
[02-Feb-2019 05:11:09 UTC] PHP Fatal error:  Maximum execution time of 30 seconds exceeded in /home/rsywtaecm3kh/testing.sprucenetwork.com/app/Http/Controllers/HrDataCallController.php on line 1589
[06-Feb-2019 09:40:46 UTC] PHP Fatal error:  Maximum execution time of 30 seconds exceeded in /home/rsywtaecm3kh/testing.sprucenetwork.com/app/Http/Controllers/HrDataCallController.php on line 1330
[06-Feb-2019 09:41:32 UTC] PHP Fatal error:  Maximum execution time of 30 seconds exceeded in /home/rsywtaecm3kh/testing.sprucenetwork.com/app/Http/Controllers/HrDataCallController.php on line 1330
[08-Feb-2019 11:01:29 UTC] PHP Fatal error:  Allowed memory size of 134217728 bytes exhausted (tried to allocate 4096 bytes) in /home/rsywtaecm3kh/testing.sprucenetwork.com/vendor/phpoffice/phpexcel/Classes/PHPExcel/Worksheet.php on line 1219
[09-Feb-2019 05:25:51 UTC] PHP Fatal error:  Interface 'Maatwebsite\Excel\Concerns\ToModel' not found in /home/rsywtaecm3kh/testing.sprucenetwork.com/app/Models/UsersImport.php on line 9
[09-Feb-2019 05:29:33 UTC] PHP Fatal error:  Interface 'Maatwebsite\Excel\Concerns\ToModel' not found in /home/rsywtaecm3kh/testing.sprucenetwork.com/app/Models/UsersImport.php on line 9
[09-Feb-2019 05:44:05 UTC] PHP Fatal error:  Interface 'Maatwebsite\Excel\Concerns\ToModel' not found in /home/rsywtaecm3kh/testing.sprucenetwork.com/app/Models/UsersImport.php on line 9
[09-Feb-2019 05:54:32 UTC] PHP Warning:  Uncaught ErrorException: require(/home/rsywtaecm3kh/testing.sprucenetwork.com/vendor/maatwebsite/excel/src/Maatwebsite/Excel/../config/excel.php): failed to open stream: No such file or directory in /home/rsywtaecm3kh/testing.sprucenetwork.com/vendor/laravel/framework/src/Illuminate/Support/ServiceProvider.php:59
Stack trace:
#0 /home/rsywtaecm3kh/testing.sprucenetwork.com/vendor/laravel/framework/src/Illuminate/Support/ServiceProvider.php(59): Illuminate\Foundation\Bootstrap\HandleExceptions->handleError(2, 'require(/home/r...', '/home/rsywtaecm...', 59, Array)
#1 /home/rsywtaecm3kh/testing.sprucenetwork.com/vendor/laravel/framework/src/Illuminate/Support/ServiceProvider.php(59): require()
#2 /home/rsywtaecm3kh/testing.sprucenetwork.com/vendor/maatwebsite/excel/src/Maatwebsite/Excel/ExcelServiceProvider.php(38): Illuminate\Support\ServiceProvider->mergeConfigFrom('/home/rsywtaecm...', 'excel')
#3 /home/rsywtaecm3kh/testing.sprucenetwork.com/vendor/laravel/framework/src/Illuminate/Foundation/Application.php(5 in /home/rsywtaecm3kh/testing.sprucenetwork.com/vendor/laravel/framework/src/Illuminate/Support/ServiceProvider.php on line 59
[09-Feb-2019 05:54:32 UTC] PHP Fatal error:  Illuminate\Support\ServiceProvider::mergeConfigFrom(): Failed opening required '/home/rsywtaecm3kh/testing.sprucenetwork.com/vendor/maatwebsite/excel/src/Maatwebsite/Excel/../config/excel.php' (include_path='.:/opt/alt/php70/usr/share/pear') in /home/rsywtaecm3kh/testing.sprucenetwork.com/vendor/laravel/framework/src/Illuminate/Support/ServiceProvider.php on line 59
[09-Feb-2019 07:44:20 UTC] PHP Fatal error:  Interface 'Maatwebsite\Excel\Concerns\ToModel' not found in /home/rsywtaecm3kh/testing.sprucenetwork.com/app/Models/UsersImport.php on line 9
[09-Feb-2019 08:05:57 UTC] PHP Warning:  Uncaught ErrorException: require(/home/rsywtaecm3kh/testing.sprucenetwork.com/vendor/maatwebsite/excel/src/Maatwebsite/Excel/../config/excel.php): failed to open stream: No such file or directory in /home/rsywtaecm3kh/testing.sprucenetwork.com/vendor/laravel/framework/src/Illuminate/Support/ServiceProvider.php:59
Stack trace:
#0 /home/rsywtaecm3kh/testing.sprucenetwork.com/vendor/laravel/framework/src/Illuminate/Support/ServiceProvider.php(59): Illuminate\Foundation\Bootstrap\HandleExceptions->handleError(2, 'require(/home/r...', '/home/rsywtaecm...', 59, Array)
#1 /home/rsywtaecm3kh/testing.sprucenetwork.com/vendor/laravel/framework/src/Illuminate/Support/ServiceProvider.php(59): require()
#2 /home/rsywtaecm3kh/testing.sprucenetwork.com/vendor/maatwebsite/excel/src/Maatwebsite/Excel/ExcelServiceProvider.php(38): Illuminate\Support\ServiceProvider->mergeConfigFrom('/home/rsywtaecm...', 'excel')
#3 /home/rsywtaecm3kh/testing.sprucenetwork.com/vendor/laravel/framework/src/Illuminate/Foundation/Application.php(5 in /home/rsywtaecm3kh/testing.sprucenetwork.com/vendor/laravel/framework/src/Illuminate/Support/ServiceProvider.php on line 59
[09-Feb-2019 08:05:57 UTC] PHP Fatal error:  Illuminate\Support\ServiceProvider::mergeConfigFrom(): Failed opening required '/home/rsywtaecm3kh/testing.sprucenetwork.com/vendor/maatwebsite/excel/src/Maatwebsite/Excel/../config/excel.php' (include_path='.:/opt/alt/php70/usr/share/pear') in /home/rsywtaecm3kh/testing.sprucenetwork.com/vendor/laravel/framework/src/Illuminate/Support/ServiceProvider.php on line 59
[09-Feb-2019 08:06:09 UTC] PHP Warning:  Uncaught ErrorException: require(/home/rsywtaecm3kh/testing.sprucenetwork.com/vendor/maatwebsite/excel/src/Maatwebsite/Excel/../config/excel.php): failed to open stream: No such file or directory in /home/rsywtaecm3kh/testing.sprucenetwork.com/vendor/laravel/framework/src/Illuminate/Support/ServiceProvider.php:59
Stack trace:
#0 /home/rsywtaecm3kh/testing.sprucenetwork.com/vendor/laravel/framework/src/Illuminate/Support/ServiceProvider.php(59): Illuminate\Foundation\Bootstrap\HandleExceptions->handleError(2, 'require(/home/r...', '/home/rsywtaecm...', 59, Array)
#1 /home/rsywtaecm3kh/testing.sprucenetwork.com/vendor/laravel/framework/src/Illuminate/Support/ServiceProvider.php(59): require()
#2 /home/rsywtaecm3kh/testing.sprucenetwork.com/vendor/maatwebsite/excel/src/Maatwebsite/Excel/ExcelServiceProvider.php(38): Illuminate\Support\ServiceProvider->mergeConfigFrom('/home/rsywtaecm...', 'excel')
#3 /home/rsywtaecm3kh/testing.sprucenetwork.com/vendor/laravel/framework/src/Illuminate/Foundation/Application.php(5 in /home/rsywtaecm3kh/testing.sprucenetwork.com/vendor/laravel/framework/src/Illuminate/Support/ServiceProvider.php on line 59
[09-Feb-2019 08:06:09 UTC] PHP Fatal error:  Illuminate\Support\ServiceProvider::mergeConfigFrom(): Failed opening required '/home/rsywtaecm3kh/testing.sprucenetwork.com/vendor/maatwebsite/excel/src/Maatwebsite/Excel/../config/excel.php' (include_path='.:/opt/alt/php70/usr/share/pear') in /home/rsywtaecm3kh/testing.sprucenetwork.com/vendor/laravel/framework/src/Illuminate/Support/ServiceProvider.php on line 59
[09-Feb-2019 09:52:47 UTC] PHP Fatal error:  Maximum execution time of 30 seconds exceeded in /home/rsywtaecm3kh/testing.sprucenetwork.com/app/Http/Controllers/HrDataCallController.php on line 1817
[18-Feb-2019 09:08:42 UTC] PHP Fatal error:  Allowed memory size of 134217728 bytes exhausted (tried to allocate 90193920 bytes) in /home/rsywtaecm3kh/testing.sprucenetwork.com/storage/framework/views/50a1205f82e0373f4dcf44804a17f0205aaa97fe.php on line 45
[18-Feb-2019 09:08:48 UTC] PHP Fatal error:  Allowed memory size of 134217728 bytes exhausted (tried to allocate 90193920 bytes) in /home/rsywtaecm3kh/testing.sprucenetwork.com/storage/framework/views/50a1205f82e0373f4dcf44804a17f0205aaa97fe.php on line 45
[18-Feb-2019 09:09:22 UTC] PHP Fatal error:  Allowed memory size of 134217728 bytes exhausted (tried to allocate 90193920 bytes) in /home/rsywtaecm3kh/testing.sprucenetwork.com/storage/framework/views/50a1205f82e0373f4dcf44804a17f0205aaa97fe.php on line 45
[18-Feb-2019 09:09:32 UTC] PHP Fatal error:  Allowed memory size of 134217728 bytes exhausted (tried to allocate 90193920 bytes) in /home/rsywtaecm3kh/testing.sprucenetwork.com/storage/framework/views/50a1205f82e0373f4dcf44804a17f0205aaa97fe.php on line 45
[18-Feb-2019 09:19:00 UTC] PHP Fatal error:  Allowed memory size of 134217728 bytes exhausted (tried to allocate 90193920 bytes) in /home/rsywtaecm3kh/testing.sprucenetwork.com/storage/framework/views/50a1205f82e0373f4dcf44804a17f0205aaa97fe.php on line 42
[18-Feb-2019 09:19:12 UTC] PHP Fatal error:  Allowed memory size of 134217728 bytes exhausted (tried to allocate 90193920 bytes) in /home/rsywtaecm3kh/testing.sprucenetwork.com/storage/framework/views/50a1205f82e0373f4dcf44804a17f0205aaa97fe.php on line 42
[18-Feb-2019 09:19:31 UTC] PHP Fatal error:  Allowed memory size of 134217728 bytes exhausted (tried to allocate 90193920 bytes) in /home/rsywtaecm3kh/testing.sprucenetwork.com/storage/framework/views/50a1205f82e0373f4dcf44804a17f0205aaa97fe.php on line 44
[18-Feb-2019 09:19:37 UTC] PHP Fatal error:  Allowed memory size of 134217728 bytes exhausted (tried to allocate 90193920 bytes) in /home/rsywtaecm3kh/testing.sprucenetwork.com/storage/framework/views/50a1205f82e0373f4dcf44804a17f0205aaa97fe.php on line 44
[18-Feb-2019 09:22:12 UTC] PHP Fatal error:  Allowed memory size of 134217728 bytes exhausted (tried to allocate 90193920 bytes) in /home/rsywtaecm3kh/testing.sprucenetwork.com/storage/framework/views/50a1205f82e0373f4dcf44804a17f0205aaa97fe.php on line 44
[18-Feb-2019 09:36:22 UTC] PHP Fatal error:  Allowed memory size of 134217728 bytes exhausted (tried to allocate 90193920 bytes) in /home/rsywtaecm3kh/testing.sprucenetwork.com/storage/framework/views/50a1205f82e0373f4dcf44804a17f0205aaa97fe.php on line 45
[18-Feb-2019 09:37:01 UTC] PHP Fatal error:  Allowed memory size of 134217728 bytes exhausted (tried to allocate 90193920 bytes) in /home/rsywtaecm3kh/testing.sprucenetwork.com/storage/framework/views/50a1205f82e0373f4dcf44804a17f0205aaa97fe.php on line 45
[18-Feb-2019 09:37:21 UTC] PHP Fatal error:  Allowed memory size of 134217728 bytes exhausted (tried to allocate 90193920 bytes) in /home/rsywtaecm3kh/testing.sprucenetwork.com/storage/framework/views/50a1205f82e0373f4dcf44804a17f0205aaa97fe.php on line 45
[18-Feb-2019 09:38:08 UTC] PHP Fatal error:  Allowed memory size of 134217728 bytes exhausted (tried to allocate 90193920 bytes) in /home/rsywtaecm3kh/testing.sprucenetwork.com/storage/framework/views/50a1205f82e0373f4dcf44804a17f0205aaa97fe.php on line 45
[18-Feb-2019 09:38:42 UTC] PHP Fatal error:  Allowed memory size of 134217728 bytes exhausted (tried to allocate 90193920 bytes) in /home/rsywtaecm3kh/testing.sprucenetwork.com/storage/framework/views/50a1205f82e0373f4dcf44804a17f0205aaa97fe.php on line 45
[18-Feb-2019 09:40:18 UTC] PHP Fatal error:  Allowed memory size of 134217728 bytes exhausted (tried to allocate 90193920 bytes) in /home/rsywtaecm3kh/testing.sprucenetwork.com/storage/framework/views/50a1205f82e0373f4dcf44804a17f0205aaa97fe.php on line 45
[18-Feb-2019 09:40:51 UTC] PHP Fatal error:  Allowed memory size of 134217728 bytes exhausted (tried to allocate 90193920 bytes) in /home/rsywtaecm3kh/testing.sprucenetwork.com/storage/framework/views/50a1205f82e0373f4dcf44804a17f0205aaa97fe.php on line 43
[18-Feb-2019 09:41:14 UTC] PHP Fatal error:  Allowed memory size of 134217728 bytes exhausted (tried to allocate 90193920 bytes) in /home/rsywtaecm3kh/testing.sprucenetwork.com/storage/framework/views/50a1205f82e0373f4dcf44804a17f0205aaa97fe.php on line 43
[18-Feb-2019 09:41:26 UTC] PHP Fatal error:  Allowed memory size of 134217728 bytes exhausted (tried to allocate 90193920 bytes) in /home/rsywtaecm3kh/testing.sprucenetwork.com/storage/framework/views/50a1205f82e0373f4dcf44804a17f0205aaa97fe.php on line 43
[18-Feb-2019 09:42:40 UTC] PHP Fatal error:  Allowed memory size of 134217728 bytes exhausted (tried to allocate 90193920 bytes) in /home/rsywtaecm3kh/testing.sprucenetwork.com/storage/framework/views/50a1205f82e0373f4dcf44804a17f0205aaa97fe.php on line 43
[18-Feb-2019 09:43:08 UTC] PHP Fatal error:  Allowed memory size of 134217728 bytes exhausted (tried to allocate 90193920 bytes) in /home/rsywtaecm3kh/testing.sprucenetwork.com/storage/framework/views/50a1205f82e0373f4dcf44804a17f0205aaa97fe.php on line 43
[21-Feb-2019 05:45:48 UTC] PHP Fatal error:  Maximum execution time of 30 seconds exceeded in /home/rsywtaecm3kh/testing.sprucenetwork.com/app/Http/Controllers/HrDataCallController.php on line 210
[21-Feb-2019 05:45:51 UTC] PHP Fatal error:  Maximum execution time of 30 seconds exceeded in /home/rsywtaecm3kh/testing.sprucenetwork.com/app/Http/Controllers/HrDataCallController.php on line 210
[21-Feb-2019 12:29:01 UTC] PHP Fatal error:  Method Illuminate\View\View::__toString() must not throw an exception, caught ErrorException: Undefined variable: grade_id (View: /home/rsywtaecm3kh/testing.sprucenetwork.com/resources/views/Hr/AjaxPages/viewEmployeePreviousPromotionsDetail.blade.php) in /home/rsywtaecm3kh/testing.sprucenetwork.com/app/Http/Controllers/HrDataCallController.php on line 0
[21-Feb-2019 12:29:15 UTC] PHP Fatal error:  Method Illuminate\View\View::__toString() must not throw an exception, caught ErrorException: Undefined variable: grade_id (View: /home/rsywtaecm3kh/testing.sprucenetwork.com/resources/views/Hr/AjaxPages/viewEmployeePreviousPromotionsDetail.blade.php) in /home/rsywtaecm3kh/testing.sprucenetwork.com/app/Http/Controllers/HrDataCallController.php on line 0
[22-Feb-2019 05:43:48 UTC] PHP Fatal error:  Method Illuminate\View\View::__toString() must not throw an exception, caught ErrorException: SQLSTATE[42000]: Syntax error or access violation: 1064 You have an error in your SQL syntax; check the manual that corresponds to your MySQL server version for the right syntax to use near '' at line 1 (SQL: select  employee_grade_type from grades where `status` = 1 and `company_id` = 12 and id = ) (View: /home/rsywtaecm3kh/testing.sprucenetwork.com/resources/views/Hr/AjaxPages/viewEmployeePreviousPromotionsDetail.blade.php) in /home/rsywtaecm3kh/testing.sprucenetwork.com/app/Http/Controllers/HrDataCallController.php on line 0
[22-Feb-2019 05:44:01 UTC] PHP Fatal error:  Method Illuminate\View\View::__toString() must not throw an exception, caught ErrorException: SQLSTATE[42000]: Syntax error or access violation: 1064 You have an error in your SQL syntax; check the manual that corresponds to your MySQL server version for the right syntax to use near '' at line 1 (SQL: select  employee_grade_type from grades where `status` = 1 and `company_id` = 12 and id = ) (View: /home/rsywtaecm3kh/testing.sprucenetwork.com/resources/views/Hr/AjaxPages/viewEmployeePreviousPromotionsDetail.blade.php) in /home/rsywtaecm3kh/testing.sprucenetwork.com/app/Http/Controllers/HrDataCallController.php on line 0
[22-Feb-2019 05:44:52 UTC] PHP Fatal error:  Method Illuminate\View\View::__toString() must not throw an exception, caught ErrorException: SQLSTATE[42000]: Syntax error or access violation: 1064 You have an error in your SQL syntax; check the manual that corresponds to your MySQL server version for the right syntax to use near '' at line 1 (SQL: select  employee_grade_type from grades where `status` = 1 and `company_id` = 12 and id = ) (View: /home/rsywtaecm3kh/testing.sprucenetwork.com/resources/views/Hr/AjaxPages/viewEmployeePreviousPromotionsDetail.blade.php) in /home/rsywtaecm3kh/testing.sprucenetwork.com/app/Http/Controllers/HrDataCallController.php on line 0
[22-Feb-2019 05:45:28 UTC] PHP Fatal error:  Method Illuminate\View\View::__toString() must not throw an exception, caught ErrorException: SQLSTATE[42000]: Syntax error or access violation: 1064 You have an error in your SQL syntax; check the manual that corresponds to your MySQL server version for the right syntax to use near '' at line 1 (SQL: select  employee_grade_type from grades where `status` = 1 and `company_id` = 12 and id = ) (View: /home/rsywtaecm3kh/testing.sprucenetwork.com/resources/views/Hr/AjaxPages/viewEmployeePreviousPromotionsDetail.blade.php) in /home/rsywtaecm3kh/testing.sprucenetwork.com/app/Http/Controllers/HrDataCallController.php on line 0
[22-Feb-2019 05:46:04 UTC] PHP Fatal error:  Method Illuminate\View\View::__toString() must not throw an exception, caught ErrorException: SQLSTATE[42000]: Syntax error or access violation: 1064 You have an error in your SQL syntax; check the manual that corresponds to your MySQL server version for the right syntax to use near '' at line 1 (SQL: select  employee_grade_type from grades where `status` = 1 and `company_id` = 12 and id = ) (View: /home/rsywtaecm3kh/testing.sprucenetwork.com/resources/views/Hr/AjaxPages/viewEmployeePreviousPromotionsDetail.blade.php) in /home/rsywtaecm3kh/testing.sprucenetwork.com/app/Http/Controllers/HrDataCallController.php on line 0
[22-Feb-2019 05:46:15 UTC] PHP Fatal error:  Method Illuminate\View\View::__toString() must not throw an exception, caught ErrorException: SQLSTATE[42000]: Syntax error or access violation: 1064 You have an error in your SQL syntax; check the manual that corresponds to your MySQL server version for the right syntax to use near '' at line 1 (SQL: select  employee_grade_type from grades where `status` = 1 and `company_id` = 12 and id = ) (View: /home/rsywtaecm3kh/testing.sprucenetwork.com/resources/views/Hr/AjaxPages/viewEmployeePreviousPromotionsDetail.blade.php) in /home/rsywtaecm3kh/testing.sprucenetwork.com/app/Http/Controllers/HrDataCallController.php on line 0
[22-Feb-2019 05:46:19 UTC] PHP Fatal error:  Method Illuminate\View\View::__toString() must not throw an exception, caught ErrorException: SQLSTATE[42000]: Syntax error or access violation: 1064 You have an error in your SQL syntax; check the manual that corresponds to your MySQL server version for the right syntax to use near '' at line 1 (SQL: select  employee_grade_type from grades where `status` = 1 and `company_id` = 12 and id = ) (View: /home/rsywtaecm3kh/testing.sprucenetwork.com/resources/views/Hr/AjaxPages/viewEmployeePreviousPromotionsDetail.blade.php) in /home/rsywtaecm3kh/testing.sprucenetwork.com/app/Http/Controllers/HrDataCallController.php on line 0
[22-Feb-2019 05:51:49 UTC] PHP Fatal error:  Method Illuminate\View\View::__toString() must not throw an exception, caught ErrorException: SQLSTATE[42000]: Syntax error or access violation: 1064 You have an error in your SQL syntax; check the manual that corresponds to your MySQL server version for the right syntax to use near '' at line 1 (SQL: select  employee_grade_type from grades where `status` = 1 and `company_id` = 12 and id = ) (View: /home/rsywtaecm3kh/testing.sprucenetwork.com/resources/views/Hr/AjaxPages/viewEmployeePreviousPromotionsDetail.blade.php) in /home/rsywtaecm3kh/testing.sprucenetwork.com/app/Http/Controllers/HrDataCallController.php on line 0
[22-Feb-2019 05:51:56 UTC] PHP Fatal error:  Method Illuminate\View\View::__toString() must not throw an exception, caught ErrorException: SQLSTATE[42000]: Syntax error or access violation: 1064 You have an error in your SQL syntax; check the manual that corresponds to your MySQL server version for the right syntax to use near '' at line 1 (SQL: select  employee_grade_type from grades where `status` = 1 and `company_id` = 12 and id = ) (View: /home/rsywtaecm3kh/testing.sprucenetwork.com/resources/views/Hr/AjaxPages/viewEmployeePreviousPromotionsDetail.blade.php) in /home/rsywtaecm3kh/testing.sprucenetwork.com/app/Http/Controllers/HrDataCallController.php on line 0
[22-Feb-2019 05:52:42 UTC] PHP Fatal error:  Method Illuminate\View\View::__toString() must not throw an exception, caught ErrorException: SQLSTATE[42000]: Syntax error or access violation: 1064 You have an error in your SQL syntax; check the manual that corresponds to your MySQL server version for the right syntax to use near '' at line 1 (SQL: select  employee_grade_type from grades where `status` = 1 and `company_id` = 12 and id = ) (View: /home/rsywtaecm3kh/testing.sprucenetwork.com/resources/views/Hr/AjaxPages/viewEmployeePreviousPromotionsDetail.blade.php) in /home/rsywtaecm3kh/testing.sprucenetwork.com/app/Http/Controllers/HrDataCallController.php on line 0
[22-Feb-2019 05:54:41 UTC] PHP Fatal error:  Method Illuminate\View\View::__toString() must not throw an exception, caught ErrorException: SQLSTATE[42000]: Syntax error or access violation: 1064 You have an error in your SQL syntax; check the manual that corresponds to your MySQL server version for the right syntax to use near '' at line 1 (SQL: select  employee_grade_type from grades where `status` = 1 and `company_id` = 12 and id = ) (View: /home/rsywtaecm3kh/testing.sprucenetwork.com/resources/views/Hr/AjaxPages/viewEmployeePreviousPromotionsDetail.blade.php) in /home/rsywtaecm3kh/testing.sprucenetwork.com/app/Http/Controllers/HrDataCallController.php on line 0
[16-Mar-2019 08:24:03 UTC] PHP Fatal error:  Allowed memory size of 134217728 bytes exhausted (tried to allocate 90193920 bytes) in /home/rsywtaecm3kh/testing.sprucenetwork.com/storage/framework/views/6bf352d7ccf35425f82cb4805a3aafbfd8ed3b19.php on line 1
[16-Mar-2019 08:24:10 UTC] PHP Fatal error:  Allowed memory size of 134217728 bytes exhausted (tried to allocate 90193920 bytes) in /home/rsywtaecm3kh/testing.sprucenetwork.com/storage/framework/views/6bf352d7ccf35425f82cb4805a3aafbfd8ed3b19.php on line 1
[16-Mar-2019 08:24:18 UTC] PHP Fatal error:  Allowed memory size of 134217728 bytes exhausted (tried to allocate 90193920 bytes) in /home/rsywtaecm3kh/testing.sprucenetwork.com/storage/framework/views/6bf352d7ccf35425f82cb4805a3aafbfd8ed3b19.php on line 1
[18-Mar-2019 05:23:21 UTC] PHP Fatal error:  Cannot redeclare App\Http\Controllers\HrDataCallController::viewEmployeeDocuments() in /home/rsywtaecm3kh/testing.sprucenetwork.com/app/Http/Controllers/HrDataCallController.php on line 1996
[28-Mar-2019 05:34:11 UTC] PHP Fatal error:  Maximum execution time of 30 seconds exceeded in /home/rsywtaecm3kh/testing.sprucenetwork.com/app/Http/Controllers/HrDataCallController.php on line 2195
[28-Mar-2019 05:34:17 UTC] PHP Fatal error:  Maximum execution time of 30 seconds exceeded in /home/rsywtaecm3kh/testing.sprucenetwork.com/app/Http/Controllers/HrDataCallController.php on line 2195
[28-Mar-2019 05:35:44 UTC] PHP Fatal error:  Maximum execution time of 30 seconds exceeded in /home/rsywtaecm3kh/testing.sprucenetwork.com/app/Http/Controllers/HrDataCallController.php on line 2195
[12-Apr-2019 05:24:42 UTC] PHP Fatal error:  Maximum execution time of 30 seconds exceeded in /home/rsywtaecm3kh/testing.sprucenetwork.com/app/Http/Controllers/HrReportsController.php on line 244
[26-Apr-2019 11:35:09 UTC] PHP Fatal error:  Allowed memory size of 134217728 bytes exhausted (tried to allocate 98582528 bytes) in /home/rsywtaecm3kh/testing.sprucenetwork.com/storage/framework/views/4ba2821cfc4268faf113f5cec159ac38975d799c.php on line 433
[26-Apr-2019 11:35:19 UTC] PHP Fatal error:  Allowed memory size of 134217728 bytes exhausted (tried to allocate 98582528 bytes) in /home/rsywtaecm3kh/testing.sprucenetwork.com/storage/framework/views/4ba2821cfc4268faf113f5cec159ac38975d799c.php on line 433
[03-May-2019 12:02:09 UTC] PHP Fatal error:  Maximum execution time of 30 seconds exceeded in /home/rsywtaecm3kh/testing.sprucenetwork.com/app/Http/Controllers/HrAddDetailControler.php on line 892
[10-May-2019 06:03:41 UTC] PHP Fatal error:  Allowed memory size of 134217728 bytes exhausted (tried to allocate 4194304 bytes) in /home/rsywtaecm3kh/testing.sprucenetwork.com/vendor/maatwebsite/excel/src/Row.php on line 65
[10-May-2019 06:04:12 UTC] PHP Fatal error:  Allowed memory size of 134217728 bytes exhausted (tried to allocate 4194304 bytes) in /home/rsywtaecm3kh/testing.sprucenetwork.com/vendor/maatwebsite/excel/src/Row.php on line 65
[10-May-2019 06:05:11 UTC] PHP Fatal error:  Allowed memory size of 134217728 bytes exhausted (tried to allocate 4194304 bytes) in /home/rsywtaecm3kh/testing.sprucenetwork.com/vendor/maatwebsite/excel/src/Row.php on line 65
[10-May-2019 06:09:24 UTC] PHP Fatal error:  Allowed memory size of 33554432 bytes exhausted (tried to allocate 2359296 bytes) in /home/rsywtaecm3kh/testing.sprucenetwork.com/vendor/phpoffice/phpspreadsheet/src/PhpSpreadsheet/Collection/Memory.php on line 66
[10-May-2019 06:44:21 UTC] PHP Fatal error:  Interface 'App\Imports\SkipsUnknownSheets' not found in /home/rsywtaecm3kh/testing.sprucenetwork.com/app/Http/Controllers/HrOvertimeAndFuelFile.php on line 7
[10-May-2019 07:17:50 UTC] PHP Fatal error:  Class 'App\Imports\Model' not found in /home/rsywtaecm3kh/testing.sprucenetwork.com/app/Models/HrOvertimeAndFuelFile.php on line 7
[10-May-2019 07:19:59 UTC] PHP Fatal error:  Class 'App\Models\Model' not found in /home/rsywtaecm3kh/testing.sprucenetwork.com/app/Models/HrOvertimeAndFuelFile.php on line 11
[10-May-2019 11:54:08 UTC] PHP Fatal error:  Class App\Imports\UsersImport contains 1 abstract method and must therefore be declared abstract or implement the remaining methods (Maatwebsite\Excel\Concerns\ToArray::array) in /home/rsywtaecm3kh/testing.sprucenetwork.com/app/Models/UsersImport.php on line 10
[10-May-2019 11:54:42 UTC] PHP Fatal error:  Class App\Imports\UsersImport contains 1 abstract method and must therefore be declared abstract or implement the remaining methods (Maatwebsite\Excel\Concerns\ToArray::array) in /home/rsywtaecm3kh/testing.sprucenetwork.com/app/Models/UsersImport.php on line 10
[11-May-2019 11:15:19 UTC] PHP Fatal error:  Maximum execution time of 30 seconds exceeded in /home/rsywtaecm3kh/testing.sprucenetwork.com/storage/framework/views/977d07c4321a3cc5e3b165424b527b51f08738e9.php on line 27
[16-May-2019 06:02:37 UTC] PHP Fatal error:  Maximum execution time of 30 seconds exceeded in /home/rsywtaecm3kh/testing.sprucenetwork.com/storage/framework/views/15494a7b9733c7dc7108eb6d485974a1a7f84a9c.php on line 55
[16-May-2019 06:12:05 UTC] PHP Fatal error:  Maximum execution time of 30 seconds exceeded in /home/rsywtaecm3kh/testing.sprucenetwork.com/storage/framework/views/15494a7b9733c7dc7108eb6d485974a1a7f84a9c.php on line 55
[17-May-2019 07:49:01 UTC] PHP Fatal error:  Maximum execution time of 30 seconds exceeded in /home/rsywtaecm3kh/testing.sprucenetwork.com/app/Http/Controllers/HrDataCallController.php on line 233
[20-Aug-2019 11:12:26 UTC] PHP Fatal error:  Redefinition of parameter $param4 in /home/rsywtaecm3kh/testing.sprucenetwork.com/app/Helpers/SaleHelper.php on line 17
[20-Aug-2019 11:12:34 UTC] PHP Fatal error:  Redefinition of parameter $param4 in /home/rsywtaecm3kh/testing.sprucenetwork.com/app/Helpers/SaleHelper.php on line 17
[20-Aug-2019 11:12:47 UTC] PHP Fatal error:  Redefinition of parameter $param4 in /home/rsywtaecm3kh/testing.sprucenetwork.com/app/Helpers/SaleHelper.php on line 17
[20-Aug-2019 11:12:52 UTC] PHP Fatal error:  Redefinition of parameter $param4 in /home/rsywtaecm3kh/testing.sprucenetwork.com/app/Helpers/SaleHelper.php on line 17
[28-Oct-2019 12:40:22 UTC] PHP Fatal error:  Uncaught Illuminate\Contracts\Container\BindingResolutionException: Target [Spatie\Cors\CorsProfile\CorsProfile] is not instantiable while building [Spatie\Cors\Cors]. in /home/rsywtaecm3kh/testing.sprucenetwork.com/vendor/laravel/framework/src/Illuminate/Container/Container.php:918
Stack trace:
#0 /home/rsywtaecm3kh/testing.sprucenetwork.com/vendor/laravel/framework/src/Illuminate/Container/Container.php(758): Illuminate\Container\Container->notInstantiable('Spatie\\Cors\\Cor...')
#1 /home/rsywtaecm3kh/testing.sprucenetwork.com/vendor/laravel/framework/src/Illuminate/Container/Container.php(631): Illuminate\Container\Container->build('Spatie\\Cors\\Cor...')
#2 /home/rsywtaecm3kh/testing.sprucenetwork.com/vendor/laravel/framework/src/Illuminate/Container/Container.php(586): Illuminate\Container\Container->resolve('Spatie\\Cors\\Cor...', Array)
#3 /home/rsywtaecm3kh/testing.sprucenetwork.com/vendor/laravel/framework/src/Illuminate/Foundation/Application.php(732): Illuminate\Container\Container->make('Spatie\\C in /home/rsywtaecm3kh/testing.sprucenetwork.com/vendor/laravel/framework/src/Illuminate/Container/Container.php on line 918
[28-Oct-2019 12:44:07 UTC] PHP Deprecated:  Non-static method App\Helpers\CommonHelper::test() should not be called statically in /home/rsywtaecm3kh/testing.sprucenetwork.com/config/database.php on line 3
[28-Oct-2019 12:44:07 UTC] PHP Fatal error:  Uncaught Illuminate\Contracts\Container\BindingResolutionException: Target [Spatie\Cors\CorsProfile\CorsProfile] is not instantiable while building [Spatie\Cors\Cors]. in /home/rsywtaecm3kh/testing.sprucenetwork.com/vendor/laravel/framework/src/Illuminate/Container/Container.php:918
Stack trace:
#0 /home/rsywtaecm3kh/testing.sprucenetwork.com/vendor/laravel/framework/src/Illuminate/Container/Container.php(758): Illuminate\Container\Container->notInstantiable('Spatie\\Cors\\Cor...')
#1 /home/rsywtaecm3kh/testing.sprucenetwork.com/vendor/laravel/framework/src/Illuminate/Container/Container.php(631): Illuminate\Container\Container->build('Spatie\\Cors\\Cor...')
#2 /home/rsywtaecm3kh/testing.sprucenetwork.com/vendor/laravel/framework/src/Illuminate/Container/Container.php(586): Illuminate\Container\Container->resolve('Spatie\\Cors\\Cor...', Array)
#3 /home/rsywtaecm3kh/testing.sprucenetwork.com/vendor/laravel/framework/src/Illuminate/Foundation/Application.php(732): Illuminate\Container\Container->make('Spatie\\C in /home/rsywtaecm3kh/testing.sprucenetwork.com/vendor/laravel/framework/src/Illuminate/Container/Container.php on line 918
[28-Oct-2019 12:46:21 UTC] PHP Deprecated:  Non-static method App\Helpers\CommonHelper::test() should not be called statically in /home/rsywtaecm3kh/testing.sprucenetwork.com/config/database.php on line 3
[28-Oct-2019 12:46:21 UTC] PHP Fatal error:  Uncaught Illuminate\Contracts\Container\BindingResolutionException: Target [Spatie\Cors\CorsProfile\CorsProfile] is not instantiable while building [Spatie\Cors\Cors]. in /home/rsywtaecm3kh/testing.sprucenetwork.com/vendor/laravel/framework/src/Illuminate/Container/Container.php:918
Stack trace:
#0 /home/rsywtaecm3kh/testing.sprucenetwork.com/vendor/laravel/framework/src/Illuminate/Container/Container.php(758): Illuminate\Container\Container->notInstantiable('Spatie\\Cors\\Cor...')
#1 /home/rsywtaecm3kh/testing.sprucenetwork.com/vendor/laravel/framework/src/Illuminate/Container/Container.php(631): Illuminate\Container\Container->build('Spatie\\Cors\\Cor...')
#2 /home/rsywtaecm3kh/testing.sprucenetwork.com/vendor/laravel/framework/src/Illuminate/Container/Container.php(586): Illuminate\Container\Container->resolve('Spatie\\Cors\\Cor...', Array)
#3 /home/rsywtaecm3kh/testing.sprucenetwork.com/vendor/laravel/framework/src/Illuminate/Foundation/Application.php(732): Illuminate\Container\Container->make('Spatie\\C in /home/rsywtaecm3kh/testing.sprucenetwork.com/vendor/laravel/framework/src/Illuminate/Container/Container.php on line 918
[28-Oct-2019 12:46:23 UTC] PHP Deprecated:  Non-static method App\Helpers\CommonHelper::test() should not be called statically in /home/rsywtaecm3kh/testing.sprucenetwork.com/config/database.php on line 3
[28-Oct-2019 12:46:23 UTC] PHP Fatal error:  Uncaught Illuminate\Contracts\Container\BindingResolutionException: Target [Spatie\Cors\CorsProfile\CorsProfile] is not instantiable while building [Spatie\Cors\Cors]. in /home/rsywtaecm3kh/testing.sprucenetwork.com/vendor/laravel/framework/src/Illuminate/Container/Container.php:918
Stack trace:
#0 /home/rsywtaecm3kh/testing.sprucenetwork.com/vendor/laravel/framework/src/Illuminate/Container/Container.php(758): Illuminate\Container\Container->notInstantiable('Spatie\\Cors\\Cor...')
#1 /home/rsywtaecm3kh/testing.sprucenetwork.com/vendor/laravel/framework/src/Illuminate/Container/Container.php(631): Illuminate\Container\Container->build('Spatie\\Cors\\Cor...')
#2 /home/rsywtaecm3kh/testing.sprucenetwork.com/vendor/laravel/framework/src/Illuminate/Container/Container.php(586): Illuminate\Container\Container->resolve('Spatie\\Cors\\Cor...', Array)
#3 /home/rsywtaecm3kh/testing.sprucenetwork.com/vendor/laravel/framework/src/Illuminate/Foundation/Application.php(732): Illuminate\Container\Container->make('Spatie\\C in /home/rsywtaecm3kh/testing.sprucenetwork.com/vendor/laravel/framework/src/Illuminate/Container/Container.php on line 918
[28-Oct-2019 12:47:02 UTC] PHP Deprecated:  Non-static method App\Helpers\CommonHelper::test() should not be called statically in /home/rsywtaecm3kh/testing.sprucenetwork.com/config/database.php on line 3
[28-Oct-2019 12:47:02 UTC] PHP Deprecated:  Non-static method App\Helpers\CommonHelper::url() should not be called statically in /home/rsywtaecm3kh/testing.sprucenetwork.com/app/Helpers/CommonHelper.php on line 1148
[28-Oct-2019 12:47:02 UTC] PHP Fatal error:  Uncaught Illuminate\Contracts\Container\BindingResolutionException: Target [Spatie\Cors\CorsProfile\CorsProfile] is not instantiable while building [Spatie\Cors\Cors]. in /home/rsywtaecm3kh/testing.sprucenetwork.com/vendor/laravel/framework/src/Illuminate/Container/Container.php:918
Stack trace:
#0 /home/rsywtaecm3kh/testing.sprucenetwork.com/vendor/laravel/framework/src/Illuminate/Container/Container.php(758): Illuminate\Container\Container->notInstantiable('Spatie\\Cors\\Cor...')
#1 /home/rsywtaecm3kh/testing.sprucenetwork.com/vendor/laravel/framework/src/Illuminate/Container/Container.php(631): Illuminate\Container\Container->build('Spatie\\Cors\\Cor...')
#2 /home/rsywtaecm3kh/testing.sprucenetwork.com/vendor/laravel/framework/src/Illuminate/Container/Container.php(586): Illuminate\Container\Container->resolve('Spatie\\Cors\\Cor...', Array)
#3 /home/rsywtaecm3kh/testing.sprucenetwork.com/vendor/laravel/framework/src/Illuminate/Foundation/Application.php(732): Illuminate\Container\Container->make('Spatie\\C in /home/rsywtaecm3kh/testing.sprucenetwork.com/vendor/laravel/framework/src/Illuminate/Container/Container.php on line 918
[28-Oct-2019 12:47:32 UTC] PHP Deprecated:  Non-static method App\Helpers\CommonHelper::test() should not be called statically in /home/rsywtaecm3kh/testing.sprucenetwork.com/config/database.php on line 3
[28-Oct-2019 12:48:04 UTC] PHP Deprecated:  Non-static method App\Helpers\CommonHelper::url() should not be called statically in /home/rsywtaecm3kh/testing.sprucenetwork.com/config/database.php on line 3
[28-Oct-2019 12:48:04 UTC] PHP Fatal error:  Uncaught Illuminate\Contracts\Container\BindingResolutionException: Target [Spatie\Cors\CorsProfile\CorsProfile] is not instantiable while building [Spatie\Cors\Cors]. in /home/rsywtaecm3kh/testing.sprucenetwork.com/vendor/laravel/framework/src/Illuminate/Container/Container.php:918
Stack trace:
#0 /home/rsywtaecm3kh/testing.sprucenetwork.com/vendor/laravel/framework/src/Illuminate/Container/Container.php(758): Illuminate\Container\Container->notInstantiable('Spatie\\Cors\\Cor...')
#1 /home/rsywtaecm3kh/testing.sprucenetwork.com/vendor/laravel/framework/src/Illuminate/Container/Container.php(631): Illuminate\Container\Container->build('Spatie\\Cors\\Cor...')
#2 /home/rsywtaecm3kh/testing.sprucenetwork.com/vendor/laravel/framework/src/Illuminate/Container/Container.php(586): Illuminate\Container\Container->resolve('Spatie\\Cors\\Cor...', Array)
#3 /home/rsywtaecm3kh/testing.sprucenetwork.com/vendor/laravel/framework/src/Illuminate/Foundation/Application.php(732): Illuminate\Container\Container->make('Spatie\\C in /home/rsywtaecm3kh/testing.sprucenetwork.com/vendor/laravel/framework/src/Illuminate/Container/Container.php on line 918
[28-Oct-2019 12:48:20 UTC] PHP Deprecated:  Non-static method App\Helpers\CommonHelper::url() should not be called statically in /home/rsywtaecm3kh/testing.sprucenetwork.com/config/database.php on line 3
[28-Oct-2019 12:48:20 UTC] PHP Fatal error:  Uncaught Illuminate\Contracts\Container\BindingResolutionException: Target [Spatie\Cors\CorsProfile\CorsProfile] is not instantiable while building [Spatie\Cors\Cors]. in /home/rsywtaecm3kh/testing.sprucenetwork.com/vendor/laravel/framework/src/Illuminate/Container/Container.php:918
Stack trace:
#0 /home/rsywtaecm3kh/testing.sprucenetwork.com/vendor/laravel/framework/src/Illuminate/Container/Container.php(758): Illuminate\Container\Container->notInstantiable('Spatie\\Cors\\Cor...')
#1 /home/rsywtaecm3kh/testing.sprucenetwork.com/vendor/laravel/framework/src/Illuminate/Container/Container.php(631): Illuminate\Container\Container->build('Spatie\\Cors\\Cor...')
#2 /home/rsywtaecm3kh/testing.sprucenetwork.com/vendor/laravel/framework/src/Illuminate/Container/Container.php(586): Illuminate\Container\Container->resolve('Spatie\\Cors\\Cor...', Array)
#3 /home/rsywtaecm3kh/testing.sprucenetwork.com/vendor/laravel/framework/src/Illuminate/Foundation/Application.php(732): Illuminate\Container\Container->make('Spatie\\C in /home/rsywtaecm3kh/testing.sprucenetwork.com/vendor/laravel/framework/src/Illuminate/Container/Container.php on line 918
[28-Oct-2019 12:48:44 UTC] PHP Deprecated:  Non-static method App\Helpers\CommonHelper::url() should not be called statically in /home/rsywtaecm3kh/testing.sprucenetwork.com/config/database.php on line 3
[28-Oct-2019 12:48:44 UTC] PHP Fatal error:  Uncaught Illuminate\Contracts\Container\BindingResolutionException: Target [Spatie\Cors\CorsProfile\CorsProfile] is not instantiable while building [Spatie\Cors\Cors]. in /home/rsywtaecm3kh/testing.sprucenetwork.com/vendor/laravel/framework/src/Illuminate/Container/Container.php:918
Stack trace:
#0 /home/rsywtaecm3kh/testing.sprucenetwork.com/vendor/laravel/framework/src/Illuminate/Container/Container.php(758): Illuminate\Container\Container->notInstantiable('Spatie\\Cors\\Cor...')
#1 /home/rsywtaecm3kh/testing.sprucenetwork.com/vendor/laravel/framework/src/Illuminate/Container/Container.php(631): Illuminate\Container\Container->build('Spatie\\Cors\\Cor...')
#2 /home/rsywtaecm3kh/testing.sprucenetwork.com/vendor/laravel/framework/src/Illuminate/Container/Container.php(586): Illuminate\Container\Container->resolve('Spatie\\Cors\\Cor...', Array)
#3 /home/rsywtaecm3kh/testing.sprucenetwork.com/vendor/laravel/framework/src/Illuminate/Foundation/Application.php(732): Illuminate\Container\Container->make('Spatie\\C in /home/rsywtaecm3kh/testing.sprucenetwork.com/vendor/laravel/framework/src/Illuminate/Container/Container.php on line 918
[28-Oct-2019 12:57:46 UTC] PHP Fatal error:  Uncaught Illuminate\Contracts\Container\BindingResolutionException: Target [Spatie\Cors\CorsProfile\CorsProfile] is not instantiable while building [Spatie\Cors\Cors]. in /home/rsywtaecm3kh/testing.sprucenetwork.com/vendor/laravel/framework/src/Illuminate/Container/Container.php:918
Stack trace:
#0 /home/rsywtaecm3kh/testing.sprucenetwork.com/vendor/laravel/framework/src/Illuminate/Container/Container.php(758): Illuminate\Container\Container->notInstantiable('Spatie\\Cors\\Cor...')
#1 /home/rsywtaecm3kh/testing.sprucenetwork.com/vendor/laravel/framework/src/Illuminate/Container/Container.php(631): Illuminate\Container\Container->build('Spatie\\Cors\\Cor...')
#2 /home/rsywtaecm3kh/testing.sprucenetwork.com/vendor/laravel/framework/src/Illuminate/Container/Container.php(586): Illuminate\Container\Container->resolve('Spatie\\Cors\\Cor...', Array)
#3 /home/rsywtaecm3kh/testing.sprucenetwork.com/vendor/laravel/framework/src/Illuminate/Foundation/Application.php(732): Illuminate\Container\Container->make('Spatie\\C in /home/rsywtaecm3kh/testing.sprucenetwork.com/vendor/laravel/framework/src/Illuminate/Container/Container.php on line 918
[26-Nov-2019 06:02:41 UTC] PHP Fatal error:  Cannot redeclare App\Http\Controllers\StoreController::editPurchaseOrderVoucherForm() in /home/rsywtaecm3kh/testing.sprucenetwork.com/app/Http/Controllers/StoreController.php on line 118
[19-Dec-2019 10:45:28 UTC] PHP Fatal error:  Maximum execution time of 30 seconds exceeded in /home/rsywtaecm3kh/testing.sprucenetwork.com/vendor/laravel/framework/src/Illuminate/Support/Str.php on line 174
[19-Dec-2019 10:53:33 UTC] PHP Fatal error:  Maximum execution time of 30 seconds exceeded in /home/rsywtaecm3kh/testing.sprucenetwork.com/vendor/laravel/framework/src/Illuminate/Database/DatabaseManager.php on line 89
[19-Dec-2019 10:59:43 UTC] PHP Fatal error:  Maximum execution time of 30 seconds exceeded in /home/rsywtaecm3kh/testing.sprucenetwork.com/vendor/laravel/framework/src/Illuminate/Database/Connection.php on line 326
[22-Dec-2019 17:02:19 UTC] PHP Warning:  Unterminated comment starting line 53 in /home/rsywtaecm3kh/testing.sprucenetwork.com/app/Http/Controllers/SalesAddDetailControler.php on line 53
[22-Dec-2019 17:05:02 UTC] PHP Warning:  Unterminated comment starting line 55 in /home/rsywtaecm3kh/testing.sprucenetwork.com/app/Http/Controllers/SalesAddDetailControler.php on line 55
[23-Dec-2019 10:19:40 UTC] PHP Parse error:  syntax error, unexpected 'echo' (T_ECHO) in /home/rsywtaecm3kh/testing.sprucenetwork.com/textemail.php on line 19
[23-Dec-2019 10:19:42 UTC] PHP Parse error:  syntax error, unexpected 'echo' (T_ECHO) in /home/rsywtaecm3kh/testing.sprucenetwork.com/textemail.php on line 19
[23-Dec-2019 10:19:44 UTC] PHP Parse error:  syntax error, unexpected 'echo' (T_ECHO) in /home/rsywtaecm3kh/testing.sprucenetwork.com/textemail.php on line 19
[23-Dec-2019 10:19:45 UTC] PHP Parse error:  syntax error, unexpected 'echo' (T_ECHO) in /home/rsywtaecm3kh/testing.sprucenetwork.com/textemail.php on line 19
[23-Dec-2019 10:19:46 UTC] PHP Parse error:  syntax error, unexpected 'echo' (T_ECHO) in /home/rsywtaecm3kh/testing.sprucenetwork.com/textemail.php on line 19
[23-Dec-2019 10:19:46 UTC] PHP Parse error:  syntax error, unexpected 'echo' (T_ECHO) in /home/rsywtaecm3kh/testing.sprucenetwork.com/textemail.php on line 19
[23-Dec-2019 10:20:03 UTC] PHP Parse error:  syntax error, unexpected 'echo' (T_ECHO) in /home/rsywtaecm3kh/testing.sprucenetwork.com/textemail.php on line 19
[01-Jan-2020 07:54:22 UTC] PHP Notice:  Undefined variable: headers in /home/rsywtaecm3kh/testing.sprucenetwork.com/textemail.php on line 47
[01-Jan-2020 07:54:22 UTC] PHP Notice:  Undefined variable: headers in /home/rsywtaecm3kh/testing.sprucenetwork.com/textemail.php on line 47
[01-Jan-2020 07:54:23 UTC] PHP Notice:  Undefined variable: headers in /home/rsywtaecm3kh/testing.sprucenetwork.com/textemail.php on line 47
[01-Jan-2020 07:54:24 UTC] PHP Notice:  Undefined variable: headers in /home/rsywtaecm3kh/testing.sprucenetwork.com/textemail.php on line 47
[01-Jan-2020 07:54:54 UTC] PHP Notice:  Undefined variable: headers in /home/rsywtaecm3kh/testing.sprucenetwork.com/textemail.php on line 47
[01-Jan-2020 07:54:55 UTC] PHP Notice:  Undefined variable: headers in /home/rsywtaecm3kh/testing.sprucenetwork.com/textemail.php on line 47
[01-Jan-2020 07:54:56 UTC] PHP Notice:  Undefined variable: headers in /home/rsywtaecm3kh/testing.sprucenetwork.com/textemail.php on line 47
[01-Jan-2020 07:54:56 UTC] PHP Notice:  Undefined variable: headers in /home/rsywtaecm3kh/testing.sprucenetwork.com/textemail.php on line 47
[01-Jan-2020 07:54:57 UTC] PHP Notice:  Undefined variable: headers in /home/rsywtaecm3kh/testing.sprucenetwork.com/textemail.php on line 47
[01-Jan-2020 07:54:57 UTC] PHP Notice:  Undefined variable: headers in /home/rsywtaecm3kh/testing.sprucenetwork.com/textemail.php on line 47
[01-Jan-2020 07:54:58 UTC] PHP Notice:  Undefined variable: headers in /home/rsywtaecm3kh/testing.sprucenetwork.com/textemail.php on line 47
[01-Jan-2020 07:54:58 UTC] PHP Notice:  Undefined variable: headers in /home/rsywtaecm3kh/testing.sprucenetwork.com/textemail.php on line 47
[01-Jan-2020 08:03:24 UTC] PHP Notice:  Undefined variable: headers in /home/rsywtaecm3kh/testing.sprucenetwork.com/textemail.php on line 47
[01-Jan-2020 04:25:56 America/Phoenix] PHP Notice:  Undefined index: OS in /home/rsywtaecm3kh/testing.sprucenetwork.com/mail_test.php on line 3525
[01-Jan-2020 04:37:37 America/Phoenix] PHP Notice:  Undefined index: OS in /home/rsywtaecm3kh/testing.sprucenetwork.com/mail_test.php on line 3525
[01-Jan-2020 04:37:45 America/Phoenix] PHP Notice:  Undefined index: OS in /home/rsywtaecm3kh/testing.sprucenetwork.com/mail_test.php on line 3525
[01-Jan-2020 04:39:20 America/Phoenix] PHP Notice:  Undefined index: OS in /home/rsywtaecm3kh/testing.sprucenetwork.com/mail_test.php on line 3525
[01-Jan-2020 04:40:26 America/Phoenix] PHP Notice:  Undefined index: OS in /home/rsywtaecm3kh/testing.sprucenetwork.com/mail_test.php on line 3525
[01-Jan-2020 04:45:37 America/Phoenix] PHP Notice:  Undefined index: OS in /home/rsywtaecm3kh/testing.sprucenetwork.com/mail_test.php on line 3525
[01-Jan-2020 04:49:27 America/Phoenix] PHP Notice:  Undefined index: OS in /home/rsywtaecm3kh/testing.sprucenetwork.com/mail_test.php on line 3525
[01-Jan-2020 04:54:58 America/Phoenix] PHP Notice:  Undefined index: OS in /home/rsywtaecm3kh/testing.sprucenetwork.com/mail_test.php on line 3525
[06-Jan-2020 04:45:45 UTC] PHP Fatal error:  Cannot redeclare App\Helpers\PurchaseHelper::customerLocationListRegionWise() in /home/rsywtaecm3kh/testing.sprucenetwork.com/app/Helpers/PurchaseHelper.php on line 547
[06-Jan-2020 04:45:51 UTC] PHP Fatal error:  Cannot redeclare App\Helpers\PurchaseHelper::customerLocationListRegionWise() in /home/rsywtaecm3kh/testing.sprucenetwork.com/app/Helpers/PurchaseHelper.php on line 547
[06-Jan-2020 04:45:51 UTC] PHP Fatal error:  Cannot redeclare App\Helpers\PurchaseHelper::customerLocationListRegionWise() in /home/rsywtaecm3kh/testing.sprucenetwork.com/app/Helpers/PurchaseHelper.php on line 547
[06-Jan-2020 04:46:20 UTC] PHP Fatal error:  Cannot redeclare App\Helpers\PurchaseHelper::customerLocationListRegionWise() in /home/rsywtaecm3kh/testing.sprucenetwork.com/app/Helpers/PurchaseHelper.php on line 547
[06-Jan-2020 04:46:20 UTC] PHP Fatal error:  Cannot redeclare App\Helpers\PurchaseHelper::customerLocationListRegionWise() in /home/rsywtaecm3kh/testing.sprucenetwork.com/app/Helpers/PurchaseHelper.php on line 547
[06-Jan-2020 04:46:24 UTC] PHP Fatal error:  Cannot redeclare App\Helpers\PurchaseHelper::customerLocationListRegionWise() in /home/rsywtaecm3kh/testing.sprucenetwork.com/app/Helpers/PurchaseHelper.php on line 547
[06-Jan-2020 04:46:27 UTC] PHP Fatal error:  Cannot redeclare App\Helpers\PurchaseHelper::customerLocationListRegionWise() in /home/rsywtaecm3kh/testing.sprucenetwork.com/app/Helpers/PurchaseHelper.php on line 547
[06-Jan-2020 04:47:24 UTC] PHP Fatal error:  Cannot redeclare App\Helpers\PurchaseHelper::customerLocationListRegionWise() in /home/rsywtaecm3kh/testing.sprucenetwork.com/app/Helpers/PurchaseHelper.php on line 547
[06-Jan-2020 04:47:28 UTC] PHP Fatal error:  Cannot redeclare App\Helpers\PurchaseHelper::customerLocationListRegionWise() in /home/rsywtaecm3kh/testing.sprucenetwork.com/app/Helpers/PurchaseHelper.php on line 547
[06-Jan-2020 04:47:32 UTC] PHP Fatal error:  Cannot redeclare App\Helpers\PurchaseHelper::customerLocationListRegionWise() in /home/rsywtaecm3kh/testing.sprucenetwork.com/app/Helpers/PurchaseHelper.php on line 547
[06-Jan-2020 04:47:39 UTC] PHP Fatal error:  Cannot redeclare App\Helpers\PurchaseHelper::customerLocationListRegionWise() in /home/rsywtaecm3kh/testing.sprucenetwork.com/app/Helpers/PurchaseHelper.php on line 547
[21-Jan-2020 05:58:43 UTC] PHP Fatal error:  Cannot use App\Helpers\CommonHelper as CommonHelper because the name is already in use in /home/rsywtaecm3kh/testing.sprucenetwork.com/storage/framework/views/e60407d8bd4c59d170c7dbbb2487b86b97452ccf.php on line 3
[22-Jan-2020 07:54:01 UTC] PHP Fatal error:  Out of memory (allocated 788529152) (tried to allocate 769658880 bytes) in /home/rsywtaecm3kh/testing.sprucenetwork.com/app/Http/Controllers/HrDataCallController.php on line 1745
[22-Jan-2020 07:54:35 UTC] PHP Fatal error:  Out of memory (allocated 788529152) (tried to allocate 769658880 bytes) in /home/rsywtaecm3kh/testing.sprucenetwork.com/app/Http/Controllers/HrDataCallController.php on line 1745
[22-Jan-2020 07:55:35 UTC] PHP Fatal error:  Out of memory (allocated 788529152) (tried to allocate 769658880 bytes) in /home/rsywtaecm3kh/testing.sprucenetwork.com/app/Http/Controllers/HrDataCallController.php on line 1745
[22-Jan-2020 07:56:25 UTC] PHP Fatal error:  Out of memory (allocated 788529152) (tried to allocate 769658880 bytes) in /home/rsywtaecm3kh/testing.sprucenetwork.com/app/Http/Controllers/HrDataCallController.php on line 1745
[22-Jan-2020 07:56:35 UTC] PHP Fatal error:  Out of memory (allocated 788529152) (tried to allocate 769658880 bytes) in /home/rsywtaecm3kh/testing.sprucenetwork.com/app/Http/Controllers/HrDataCallController.php on line 1745
[22-Jan-2020 09:17:08 UTC] PHP Fatal error:  Out of memory (allocated 788529152) (tried to allocate 769658880 bytes) in /home/rsywtaecm3kh/testing.sprucenetwork.com/app/Http/Controllers/HrDataCallController.php on line 1738
[23-Jan-2020 11:17:31 UTC] PHP Fatal error:  Out of memory (allocated 788529152) (tried to allocate 769658880 bytes) in /home/rsywtaecm3kh/testing.sprucenetwork.com/app/Http/Controllers/HrReportsController.php on line 320
[23-Jan-2020 11:17:50 UTC] PHP Fatal error:  Out of memory (allocated 788529152) (tried to allocate 769658880 bytes) in /home/rsywtaecm3kh/testing.sprucenetwork.com/app/Http/Controllers/HrReportsController.php on line 320
[24-Jan-2020 11:45:17 Asia/Karachi] PHP Fatal error:  Cannot redeclare App\Helpers\StoreHelper::displayStockDemandRequestVoucherListButton() in /home/rsywtaecm3kh/testing.sprucenetwork.com/app/Helpers/StoreHelper.php on line 816
[24-Jan-2020 11:45:27 Asia/Karachi] PHP Fatal error:  Cannot redeclare App\Helpers\StoreHelper::displayStockDemandRequestVoucherListButton() in /home/rsywtaecm3kh/testing.sprucenetwork.com/app/Helpers/StoreHelper.php on line 816
[24-Jan-2020 07:18:10 UTC] PHP Warning:  Uncaught ErrorException: require(/home/rsywtaecm3kh/testing.sprucenetwork.com/routes/web.php): failed to open stream: No such file or directory in /home/rsywtaecm3kh/testing.sprucenetwork.com/vendor/laravel/framework/src/Illuminate/Routing/Router.php:393
Stack trace:
#0 /home/rsywtaecm3kh/testing.sprucenetwork.com/vendor/laravel/framework/src/Illuminate/Routing/Router.php(393): Illuminate\Foundation\Bootstrap\HandleExceptions->handleError(2, 'require(/home/r...', '/home/rsywtaecm...', 393, Array)
#1 /home/rsywtaecm3kh/testing.sprucenetwork.com/vendor/laravel/framework/src/Illuminate/Routing/Router.php(393): require()
#2 /home/rsywtaecm3kh/testing.sprucenetwork.com/vendor/laravel/framework/src/Illuminate/Routing/Router.php(349): Illuminate\Routing\Router->loadRoutes('/home/rsywtaecm...')
#3 /home/rsywtaecm3kh/testing.sprucenetwork.com/vendor/laravel/framework/src/Illuminate/Routing/RouteRegistrar.php(105): Illuminate\Routing\Router->group(Array, '/home/rsywtaecm...')
#4 /home/rsywtaecm3kh/testing.sprucenetwork in /home/rsywtaecm3kh/testing.sprucenetwork.com/vendor/laravel/framework/src/Illuminate/Routing/Router.php on line 393
[24-Jan-2020 07:18:10 UTC] PHP Fatal error:  Illuminate\Routing\Router::loadRoutes(): Failed opening required '/home/rsywtaecm3kh/testing.sprucenetwork.com/routes/web.php' (include_path='.:/opt/alt/php71/usr/share/pear') in /home/rsywtaecm3kh/testing.sprucenetwork.com/vendor/laravel/framework/src/Illuminate/Routing/Router.php on line 393
[24-Jan-2020 07:24:40 UTC] PHP Fatal error:  Allowed memory size of 2147483648 bytes exhausted (tried to allocate 1071648768 bytes) in /home/rsywtaecm3kh/testing.sprucenetwork.com/app/Http/Controllers/HrReportsController.php on line 242
[24-Jan-2020 07:25:07 UTC] PHP Fatal error:  Allowed memory size of 2147483648 bytes exhausted (tried to allocate 1071648768 bytes) in /home/rsywtaecm3kh/testing.sprucenetwork.com/app/Http/Controllers/HrReportsController.php on line 242
[24-Jan-2020 07:25:25 UTC] PHP Fatal error:  Allowed memory size of 2147483648 bytes exhausted (tried to allocate 1071648768 bytes) in /home/rsywtaecm3kh/testing.sprucenetwork.com/app/Http/Controllers/HrReportsController.php on line 242
[24-Jan-2020 09:55:16 UTC] PHP Fatal error:  Allowed memory size of 2147483648 bytes exhausted (tried to allocate 1071648768 bytes) in /home/rsywtaecm3kh/testing.sprucenetwork.com/app/Http/Controllers/HrReportsController.php on line 243
[24-Jan-2020 09:55:30 UTC] PHP Fatal error:  Allowed memory size of 2147483648 bytes exhausted (tried to allocate 1071648768 bytes) in /home/rsywtaecm3kh/testing.sprucenetwork.com/app/Http/Controllers/HrReportsController.php on line 243
[24-Jan-2020 10:28:47 UTC] PHP Fatal error:  Out of memory (allocated 788529152) (tried to allocate 769658880 bytes) in /home/rsywtaecm3kh/testing.sprucenetwork.com/storage/framework/views/4b2d47b5fb08bb32f5f2fbce09af638e1f901d44.php on line 6
[24-Jan-2020 10:56:30 UTC] PHP Fatal error:  Allowed memory size of 2147483648 bytes exhausted (tried to allocate 1071648768 bytes) in /home/rsywtaecm3kh/testing.sprucenetwork.com/app/Http/Controllers/HrReportsController.php on line 244
[30-Jan-2020 09:32:38 UTC] PHP Fatal error:  Allowed memory size of 2147483648 bytes exhausted (tried to allocate 1071648768 bytes) in /home/rsywtaecm3kh/testing.sprucenetwork.com/app/Http/Controllers/HrAddDetailControler.php on line 1235
[03-Feb-2020 11:55:43 UTC] PHP Warning:  Uncaught ErrorException: require(modules/assets.php): failed to open stream: No such file or directory in /home/rsywtaecm3kh/testing.sprucenetwork.com/routes/web.php:974
Stack trace:
#0 /home/rsywtaecm3kh/testing.sprucenetwork.com/routes/web.php(974): Illuminate\Foundation\Bootstrap\HandleExceptions->handleError(2, 'require(modules...', '/home/rsywtaecm...', 974, Array)
#1 /home/rsywtaecm3kh/testing.sprucenetwork.com/routes/web.php(974): require()
#2 /home/rsywtaecm3kh/testing.sprucenetwork.com/vendor/laravel/framework/src/Illuminate/Routing/Router.php(393): require('/home/rsywtaecm...')
#3 /home/rsywtaecm3kh/testing.sprucenetwork.com/vendor/laravel/framework/src/Illuminate/Routing/Router.php(349): Illuminate\Routing\Router->loadRoutes('/home/rsywtaecm...')
#4 /home/rsywtaecm3kh/testing.sprucenetwork.com/vendor/laravel/framework/src/Illuminate/Routing/RouteRegistrar.php(105): Illuminate\Routing\Router->group(Array, '/home/rsywtaecm...')
#5 /home/rsywtaecm3kh/testing.sprucenetwork.com/app/Providers/RouteServic in /home/rsywtaecm3kh/testing.sprucenetwork.com/routes/web.php on line 974
[03-Feb-2020 11:55:43 UTC] PHP Fatal error:  Illuminate\Routing\Router::main(): Failed opening required 'modules/assets.php' (include_path='.:/opt/alt/php71/usr/share/pear') in /home/rsywtaecm3kh/testing.sprucenetwork.com/routes/web.php on line 974
[03-Feb-2020 11:55:51 UTC] PHP Warning:  Uncaught ErrorException: require(modules/assets.php): failed to open stream: No such file or directory in /home/rsywtaecm3kh/testing.sprucenetwork.com/routes/web.php:974
Stack trace:
#0 /home/rsywtaecm3kh/testing.sprucenetwork.com/routes/web.php(974): Illuminate\Foundation\Bootstrap\HandleExceptions->handleError(2, 'require(modules...', '/home/rsywtaecm...', 974, Array)
#1 /home/rsywtaecm3kh/testing.sprucenetwork.com/routes/web.php(974): require()
#2 /home/rsywtaecm3kh/testing.sprucenetwork.com/vendor/laravel/framework/src/Illuminate/Routing/Router.php(393): require('/home/rsywtaecm...')
#3 /home/rsywtaecm3kh/testing.sprucenetwork.com/vendor/laravel/framework/src/Illuminate/Routing/Router.php(349): Illuminate\Routing\Router->loadRoutes('/home/rsywtaecm...')
#4 /home/rsywtaecm3kh/testing.sprucenetwork.com/vendor/laravel/framework/src/Illuminate/Routing/RouteRegistrar.php(105): Illuminate\Routing\Router->group(Array, '/home/rsywtaecm...')
#5 /home/rsywtaecm3kh/testing.sprucenetwork.com/app/Providers/RouteServic in /home/rsywtaecm3kh/testing.sprucenetwork.com/routes/web.php on line 974
[03-Feb-2020 11:55:52 UTC] PHP Fatal error:  Illuminate\Routing\Router::main(): Failed opening required 'modules/assets.php' (include_path='.:/opt/alt/php71/usr/share/pear') in /home/rsywtaecm3kh/testing.sprucenetwork.com/routes/web.php on line 974
[03-Feb-2020 11:56:26 UTC] PHP Warning:  Uncaught ErrorException: require(modules/assets.php): failed to open stream: No such file or directory in /home/rsywtaecm3kh/testing.sprucenetwork.com/routes/web.php:974
Stack trace:
#0 /home/rsywtaecm3kh/testing.sprucenetwork.com/routes/web.php(974): Illuminate\Foundation\Bootstrap\HandleExceptions->handleError(2, 'require(modules...', '/home/rsywtaecm...', 974, Array)
#1 /home/rsywtaecm3kh/testing.sprucenetwork.com/routes/web.php(974): require()
#2 /home/rsywtaecm3kh/testing.sprucenetwork.com/vendor/laravel/framework/src/Illuminate/Routing/Router.php(393): require('/home/rsywtaecm...')
#3 /home/rsywtaecm3kh/testing.sprucenetwork.com/vendor/laravel/framework/src/Illuminate/Routing/Router.php(349): Illuminate\Routing\Router->loadRoutes('/home/rsywtaecm...')
#4 /home/rsywtaecm3kh/testing.sprucenetwork.com/vendor/laravel/framework/src/Illuminate/Routing/RouteRegistrar.php(105): Illuminate\Routing\Router->group(Array, '/home/rsywtaecm...')
#5 /home/rsywtaecm3kh/testing.sprucenetwork.com/app/Providers/RouteServic in /home/rsywtaecm3kh/testing.sprucenetwork.com/routes/web.php on line 974
[03-Feb-2020 11:56:26 UTC] PHP Fatal error:  Illuminate\Routing\Router::main(): Failed opening required 'modules/assets.php' (include_path='.:/opt/alt/php71/usr/share/pear') in /home/rsywtaecm3kh/testing.sprucenetwork.com/routes/web.php on line 974
[03-Feb-2020 11:56:36 UTC] PHP Warning:  Uncaught ErrorException: require(modules/assets.php): failed to open stream: No such file or directory in /home/rsywtaecm3kh/testing.sprucenetwork.com/routes/web.php:974
Stack trace:
#0 /home/rsywtaecm3kh/testing.sprucenetwork.com/routes/web.php(974): Illuminate\Foundation\Bootstrap\HandleExceptions->handleError(2, 'require(modules...', '/home/rsywtaecm...', 974, Array)
#1 /home/rsywtaecm3kh/testing.sprucenetwork.com/routes/web.php(974): require()
#2 /home/rsywtaecm3kh/testing.sprucenetwork.com/vendor/laravel/framework/src/Illuminate/Routing/Router.php(393): require('/home/rsywtaecm...')
#3 /home/rsywtaecm3kh/testing.sprucenetwork.com/vendor/laravel/framework/src/Illuminate/Routing/Router.php(349): Illuminate\Routing\Router->loadRoutes('/home/rsywtaecm...')
#4 /home/rsywtaecm3kh/testing.sprucenetwork.com/vendor/laravel/framework/src/Illuminate/Routing/RouteRegistrar.php(105): Illuminate\Routing\Router->group(Array, '/home/rsywtaecm...')
#5 /home/rsywtaecm3kh/testing.sprucenetwork.com/app/Providers/RouteServic in /home/rsywtaecm3kh/testing.sprucenetwork.com/routes/web.php on line 974
[03-Feb-2020 11:56:36 UTC] PHP Fatal error:  Illuminate\Routing\Router::main(): Failed opening required 'modules/assets.php' (include_path='.:/opt/alt/php71/usr/share/pear') in /home/rsywtaecm3kh/testing.sprucenetwork.com/routes/web.php on line 974
[03-Feb-2020 11:57:20 UTC] PHP Warning:  Uncaught ErrorException: require(modules/assets.php): failed to open stream: No such file or directory in /home/rsywtaecm3kh/testing.sprucenetwork.com/routes/web.php:974
Stack trace:
#0 /home/rsywtaecm3kh/testing.sprucenetwork.com/routes/web.php(974): Illuminate\Foundation\Bootstrap\HandleExceptions->handleError(2, 'require(modules...', '/home/rsywtaecm...', 974, Array)
#1 /home/rsywtaecm3kh/testing.sprucenetwork.com/routes/web.php(974): require()
#2 /home/rsywtaecm3kh/testing.sprucenetwork.com/vendor/laravel/framework/src/Illuminate/Routing/Router.php(393): require('/home/rsywtaecm...')
#3 /home/rsywtaecm3kh/testing.sprucenetwork.com/vendor/laravel/framework/src/Illuminate/Routing/Router.php(349): Illuminate\Routing\Router->loadRoutes('/home/rsywtaecm...')
#4 /home/rsywtaecm3kh/testing.sprucenetwork.com/vendor/laravel/framework/src/Illuminate/Routing/RouteRegistrar.php(105): Illuminate\Routing\Router->group(Array, '/home/rsywtaecm...')
#5 /home/rsywtaecm3kh/testing.sprucenetwork.com/app/Providers/RouteServic in /home/rsywtaecm3kh/testing.sprucenetwork.com/routes/web.php on line 974
[03-Feb-2020 11:57:20 UTC] PHP Fatal error:  Illuminate\Routing\Router::main(): Failed opening required 'modules/assets.php' (include_path='.:/opt/alt/php71/usr/share/pear') in /home/rsywtaecm3kh/testing.sprucenetwork.com/routes/web.php on line 974
[03-Feb-2020 11:57:37 UTC] PHP Warning:  Uncaught ErrorException: require(modules/assets.php): failed to open stream: No such file or directory in /home/rsywtaecm3kh/testing.sprucenetwork.com/routes/web.php:974
Stack trace:
#0 /home/rsywtaecm3kh/testing.sprucenetwork.com/routes/web.php(974): Illuminate\Foundation\Bootstrap\HandleExceptions->handleError(2, 'require(modules...', '/home/rsywtaecm...', 974, Array)
#1 /home/rsywtaecm3kh/testing.sprucenetwork.com/routes/web.php(974): require()
#2 /home/rsywtaecm3kh/testing.sprucenetwork.com/vendor/laravel/framework/src/Illuminate/Routing/Router.php(393): require('/home/rsywtaecm...')
#3 /home/rsywtaecm3kh/testing.sprucenetwork.com/vendor/laravel/framework/src/Illuminate/Routing/Router.php(349): Illuminate\Routing\Router->loadRoutes('/home/rsywtaecm...')
#4 /home/rsywtaecm3kh/testing.sprucenetwork.com/vendor/laravel/framework/src/Illuminate/Routing/RouteRegistrar.php(105): Illuminate\Routing\Router->group(Array, '/home/rsywtaecm...')
#5 /home/rsywtaecm3kh/testing.sprucenetwork.com/app/Providers/RouteServic in /home/rsywtaecm3kh/testing.sprucenetwork.com/routes/web.php on line 974
[03-Feb-2020 11:57:37 UTC] PHP Fatal error:  Illuminate\Routing\Router::main(): Failed opening required 'modules/assets.php' (include_path='.:/opt/alt/php71/usr/share/pear') in /home/rsywtaecm3kh/testing.sprucenetwork.com/routes/web.php on line 974
[03-Feb-2020 11:57:45 UTC] PHP Warning:  Uncaught ErrorException: require(modules/assets.php): failed to open stream: No such file or directory in /home/rsywtaecm3kh/testing.sprucenetwork.com/routes/web.php:974
Stack trace:
#0 /home/rsywtaecm3kh/testing.sprucenetwork.com/routes/web.php(974): Illuminate\Foundation\Bootstrap\HandleExceptions->handleError(2, 'require(modules...', '/home/rsywtaecm...', 974, Array)
#1 /home/rsywtaecm3kh/testing.sprucenetwork.com/routes/web.php(974): require()
#2 /home/rsywtaecm3kh/testing.sprucenetwork.com/vendor/laravel/framework/src/Illuminate/Routing/Router.php(393): require('/home/rsywtaecm...')
#3 /home/rsywtaecm3kh/testing.sprucenetwork.com/vendor/laravel/framework/src/Illuminate/Routing/Router.php(349): Illuminate\Routing\Router->loadRoutes('/home/rsywtaecm...')
#4 /home/rsywtaecm3kh/testing.sprucenetwork.com/vendor/laravel/framework/src/Illuminate/Routing/RouteRegistrar.php(105): Illuminate\Routing\Router->group(Array, '/home/rsywtaecm...')
#5 /home/rsywtaecm3kh/testing.sprucenetwork.com/app/Providers/RouteServic in /home/rsywtaecm3kh/testing.sprucenetwork.com/routes/web.php on line 974
[03-Feb-2020 11:57:45 UTC] PHP Fatal error:  Illuminate\Routing\Router::main(): Failed opening required 'modules/assets.php' (include_path='.:/opt/alt/php71/usr/share/pear') in /home/rsywtaecm3kh/testing.sprucenetwork.com/routes/web.php on line 974
[03-Feb-2020 11:57:52 UTC] PHP Warning:  Uncaught ErrorException: require(modules/assets.php): failed to open stream: No such file or directory in /home/rsywtaecm3kh/testing.sprucenetwork.com/routes/web.php:974
Stack trace:
#0 /home/rsywtaecm3kh/testing.sprucenetwork.com/routes/web.php(974): Illuminate\Foundation\Bootstrap\HandleExceptions->handleError(2, 'require(modules...', '/home/rsywtaecm...', 974, Array)
#1 /home/rsywtaecm3kh/testing.sprucenetwork.com/routes/web.php(974): require()
#2 /home/rsywtaecm3kh/testing.sprucenetwork.com/vendor/laravel/framework/src/Illuminate/Routing/Router.php(393): require('/home/rsywtaecm...')
#3 /home/rsywtaecm3kh/testing.sprucenetwork.com/vendor/laravel/framework/src/Illuminate/Routing/Router.php(349): Illuminate\Routing\Router->loadRoutes('/home/rsywtaecm...')
#4 /home/rsywtaecm3kh/testing.sprucenetwork.com/vendor/laravel/framework/src/Illuminate/Routing/RouteRegistrar.php(105): Illuminate\Routing\Router->group(Array, '/home/rsywtaecm...')
#5 /home/rsywtaecm3kh/testing.sprucenetwork.com/app/Providers/RouteServic in /home/rsywtaecm3kh/testing.sprucenetwork.com/routes/web.php on line 974
[03-Feb-2020 11:57:52 UTC] PHP Fatal error:  Illuminate\Routing\Router::main(): Failed opening required 'modules/assets.php' (include_path='.:/opt/alt/php71/usr/share/pear') in /home/rsywtaecm3kh/testing.sprucenetwork.com/routes/web.php on line 974
[03-Feb-2020 11:58:08 UTC] PHP Warning:  Uncaught ErrorException: require(modules/assets.php): failed to open stream: No such file or directory in /home/rsywtaecm3kh/testing.sprucenetwork.com/routes/web.php:974
Stack trace:
#0 /home/rsywtaecm3kh/testing.sprucenetwork.com/routes/web.php(974): Illuminate\Foundation\Bootstrap\HandleExceptions->handleError(2, 'require(modules...', '/home/rsywtaecm...', 974, Array)
#1 /home/rsywtaecm3kh/testing.sprucenetwork.com/routes/web.php(974): require()
#2 /home/rsywtaecm3kh/testing.sprucenetwork.com/vendor/laravel/framework/src/Illuminate/Routing/Router.php(393): require('/home/rsywtaecm...')
#3 /home/rsywtaecm3kh/testing.sprucenetwork.com/vendor/laravel/framework/src/Illuminate/Routing/Router.php(349): Illuminate\Routing\Router->loadRoutes('/home/rsywtaecm...')
#4 /home/rsywtaecm3kh/testing.sprucenetwork.com/vendor/laravel/framework/src/Illuminate/Routing/RouteRegistrar.php(105): Illuminate\Routing\Router->group(Array, '/home/rsywtaecm...')
#5 /home/rsywtaecm3kh/testing.sprucenetwork.com/app/Providers/RouteServic in /home/rsywtaecm3kh/testing.sprucenetwork.com/routes/web.php on line 974
[03-Feb-2020 11:58:08 UTC] PHP Fatal error:  Illuminate\Routing\Router::main(): Failed opening required 'modules/assets.php' (include_path='.:/opt/alt/php71/usr/share/pear') in /home/rsywtaecm3kh/testing.sprucenetwork.com/routes/web.php on line 974
[03-Feb-2020 11:58:11 UTC] PHP Warning:  Uncaught ErrorException: require(modules/assets.php): failed to open stream: No such file or directory in /home/rsywtaecm3kh/testing.sprucenetwork.com/routes/web.php:974
Stack trace:
#0 /home/rsywtaecm3kh/testing.sprucenetwork.com/routes/web.php(974): Illuminate\Foundation\Bootstrap\HandleExceptions->handleError(2, 'require(modules...', '/home/rsywtaecm...', 974, Array)
#1 /home/rsywtaecm3kh/testing.sprucenetwork.com/routes/web.php(974): require()
#2 /home/rsywtaecm3kh/testing.sprucenetwork.com/vendor/laravel/framework/src/Illuminate/Routing/Router.php(393): require('/home/rsywtaecm...')
#3 /home/rsywtaecm3kh/testing.sprucenetwork.com/vendor/laravel/framework/src/Illuminate/Routing/Router.php(349): Illuminate\Routing\Router->loadRoutes('/home/rsywtaecm...')
#4 /home/rsywtaecm3kh/testing.sprucenetwork.com/vendor/laravel/framework/src/Illuminate/Routing/RouteRegistrar.php(105): Illuminate\Routing\Router->group(Array, '/home/rsywtaecm...')
#5 /home/rsywtaecm3kh/testing.sprucenetwork.com/app/Providers/RouteServic in /home/rsywtaecm3kh/testing.sprucenetwork.com/routes/web.php on line 974
[03-Feb-2020 11:58:11 UTC] PHP Fatal error:  Illuminate\Routing\Router::main(): Failed opening required 'modules/assets.php' (include_path='.:/opt/alt/php71/usr/share/pear') in /home/rsywtaecm3kh/testing.sprucenetwork.com/routes/web.php on line 974
[03-Feb-2020 11:58:19 UTC] PHP Warning:  Uncaught ErrorException: require(modules/assets.php): failed to open stream: No such file or directory in /home/rsywtaecm3kh/testing.sprucenetwork.com/routes/web.php:974
Stack trace:
#0 /home/rsywtaecm3kh/testing.sprucenetwork.com/routes/web.php(974): Illuminate\Foundation\Bootstrap\HandleExceptions->handleError(2, 'require(modules...', '/home/rsywtaecm...', 974, Array)
#1 /home/rsywtaecm3kh/testing.sprucenetwork.com/routes/web.php(974): require()
#2 /home/rsywtaecm3kh/testing.sprucenetwork.com/vendor/laravel/framework/src/Illuminate/Routing/Router.php(393): require('/home/rsywtaecm...')
#3 /home/rsywtaecm3kh/testing.sprucenetwork.com/vendor/laravel/framework/src/Illuminate/Routing/Router.php(349): Illuminate\Routing\Router->loadRoutes('/home/rsywtaecm...')
#4 /home/rsywtaecm3kh/testing.sprucenetwork.com/vendor/laravel/framework/src/Illuminate/Routing/RouteRegistrar.php(105): Illuminate\Routing\Router->group(Array, '/home/rsywtaecm...')
#5 /home/rsywtaecm3kh/testing.sprucenetwork.com/app/Providers/RouteServic in /home/rsywtaecm3kh/testing.sprucenetwork.com/routes/web.php on line 974
[03-Feb-2020 11:58:19 UTC] PHP Fatal error:  Illuminate\Routing\Router::main(): Failed opening required 'modules/assets.php' (include_path='.:/opt/alt/php71/usr/share/pear') in /home/rsywtaecm3kh/testing.sprucenetwork.com/routes/web.php on line 974
[03-Feb-2020 11:58:24 UTC] PHP Warning:  Uncaught ErrorException: require(modules/assets.php): failed to open stream: No such file or directory in /home/rsywtaecm3kh/testing.sprucenetwork.com/routes/web.php:974
Stack trace:
#0 /home/rsywtaecm3kh/testing.sprucenetwork.com/routes/web.php(974): Illuminate\Foundation\Bootstrap\HandleExceptions->handleError(2, 'require(modules...', '/home/rsywtaecm...', 974, Array)
#1 /home/rsywtaecm3kh/testing.sprucenetwork.com/routes/web.php(974): require()
#2 /home/rsywtaecm3kh/testing.sprucenetwork.com/vendor/laravel/framework/src/Illuminate/Routing/Router.php(393): require('/home/rsywtaecm...')
#3 /home/rsywtaecm3kh/testing.sprucenetwork.com/vendor/laravel/framework/src/Illuminate/Routing/Router.php(349): Illuminate\Routing\Router->loadRoutes('/home/rsywtaecm...')
#4 /home/rsywtaecm3kh/testing.sprucenetwork.com/vendor/laravel/framework/src/Illuminate/Routing/RouteRegistrar.php(105): Illuminate\Routing\Router->group(Array, '/home/rsywtaecm...')
#5 /home/rsywtaecm3kh/testing.sprucenetwork.com/app/Providers/RouteServic in /home/rsywtaecm3kh/testing.sprucenetwork.com/routes/web.php on line 974
[03-Feb-2020 11:58:24 UTC] PHP Fatal error:  Illuminate\Routing\Router::main(): Failed opening required 'modules/assets.php' (include_path='.:/opt/alt/php71/usr/share/pear') in /home/rsywtaecm3kh/testing.sprucenetwork.com/routes/web.php on line 974
[03-Feb-2020 11:59:56 UTC] PHP Warning:  Uncaught ErrorException: require(modules/assets.php): failed to open stream: No such file or directory in /home/rsywtaecm3kh/testing.sprucenetwork.com/routes/web.php:974
Stack trace:
#0 /home/rsywtaecm3kh/testing.sprucenetwork.com/routes/web.php(974): Illuminate\Foundation\Bootstrap\HandleExceptions->handleError(2, 'require(modules...', '/home/rsywtaecm...', 974, Array)
#1 /home/rsywtaecm3kh/testing.sprucenetwork.com/routes/web.php(974): require()
#2 /home/rsywtaecm3kh/testing.sprucenetwork.com/vendor/laravel/framework/src/Illuminate/Routing/Router.php(393): require('/home/rsywtaecm...')
#3 /home/rsywtaecm3kh/testing.sprucenetwork.com/vendor/laravel/framework/src/Illuminate/Routing/Router.php(349): Illuminate\Routing\Router->loadRoutes('/home/rsywtaecm...')
#4 /home/rsywtaecm3kh/testing.sprucenetwork.com/vendor/laravel/framework/src/Illuminate/Routing/RouteRegistrar.php(105): Illuminate\Routing\Router->group(Array, '/home/rsywtaecm...')
#5 /home/rsywtaecm3kh/testing.sprucenetwork.com/app/Providers/RouteServic in /home/rsywtaecm3kh/testing.sprucenetwork.com/routes/web.php on line 974
[03-Feb-2020 11:59:56 UTC] PHP Fatal error:  Illuminate\Routing\Router::main(): Failed opening required 'modules/assets.php' (include_path='.:/opt/alt/php71/usr/share/pear') in /home/rsywtaecm3kh/testing.sprucenetwork.com/routes/web.php on line 974
[03-Feb-2020 12:03:18 UTC] PHP Warning:  Uncaught ErrorException: require(modules/assets.php): failed to open stream: No such file or directory in /home/rsywtaecm3kh/testing.sprucenetwork.com/routes/web.php:974
Stack trace:
#0 /home/rsywtaecm3kh/testing.sprucenetwork.com/routes/web.php(974): Illuminate\Foundation\Bootstrap\HandleExceptions->handleError(2, 'require(modules...', '/home/rsywtaecm...', 974, Array)
#1 /home/rsywtaecm3kh/testing.sprucenetwork.com/routes/web.php(974): require()
#2 /home/rsywtaecm3kh/testing.sprucenetwork.com/vendor/laravel/framework/src/Illuminate/Routing/Router.php(393): require('/home/rsywtaecm...')
#3 /home/rsywtaecm3kh/testing.sprucenetwork.com/vendor/laravel/framework/src/Illuminate/Routing/Router.php(349): Illuminate\Routing\Router->loadRoutes('/home/rsywtaecm...')
#4 /home/rsywtaecm3kh/testing.sprucenetwork.com/vendor/laravel/framework/src/Illuminate/Routing/RouteRegistrar.php(105): Illuminate\Routing\Router->group(Array, '/home/rsywtaecm...')
#5 /home/rsywtaecm3kh/testing.sprucenetwork.com/app/Providers/RouteServic in /home/rsywtaecm3kh/testing.sprucenetwork.com/routes/web.php on line 974
[03-Feb-2020 12:03:18 UTC] PHP Fatal error:  Illuminate\Routing\Router::main(): Failed opening required 'modules/assets.php' (include_path='.:/opt/alt/php71/usr/share/pear') in /home/rsywtaecm3kh/testing.sprucenetwork.com/routes/web.php on line 974
[03-Feb-2020 12:03:46 UTC] PHP Warning:  Uncaught ErrorException: require(modules/assets.php): failed to open stream: No such file or directory in /home/rsywtaecm3kh/testing.sprucenetwork.com/routes/web.php:974
Stack trace:
#0 /home/rsywtaecm3kh/testing.sprucenetwork.com/routes/web.php(974): Illuminate\Foundation\Bootstrap\HandleExceptions->handleError(2, 'require(modules...', '/home/rsywtaecm...', 974, Array)
#1 /home/rsywtaecm3kh/testing.sprucenetwork.com/routes/web.php(974): require()
#2 /home/rsywtaecm3kh/testing.sprucenetwork.com/vendor/laravel/framework/src/Illuminate/Routing/Router.php(393): require('/home/rsywtaecm...')
#3 /home/rsywtaecm3kh/testing.sprucenetwork.com/vendor/laravel/framework/src/Illuminate/Routing/Router.php(349): Illuminate\Routing\Router->loadRoutes('/home/rsywtaecm...')
#4 /home/rsywtaecm3kh/testing.sprucenetwork.com/vendor/laravel/framework/src/Illuminate/Routing/RouteRegistrar.php(105): Illuminate\Routing\Router->group(Array, '/home/rsywtaecm...')
#5 /home/rsywtaecm3kh/testing.sprucenetwork.com/app/Providers/RouteServic in /home/rsywtaecm3kh/testing.sprucenetwork.com/routes/web.php on line 974
[03-Feb-2020 12:03:46 UTC] PHP Fatal error:  Illuminate\Routing\Router::main(): Failed opening required 'modules/assets.php' (include_path='.:/opt/alt/php71/usr/share/pear') in /home/rsywtaecm3kh/testing.sprucenetwork.com/routes/web.php on line 974
[03-Feb-2020 12:04:38 UTC] PHP Warning:  Uncaught ErrorException: require(modules/assets.php): failed to open stream: No such file or directory in /home/rsywtaecm3kh/testing.sprucenetwork.com/routes/web.php:974
Stack trace:
#0 /home/rsywtaecm3kh/testing.sprucenetwork.com/routes/web.php(974): Illuminate\Foundation\Bootstrap\HandleExceptions->handleError(2, 'require(modules...', '/home/rsywtaecm...', 974, Array)
#1 /home/rsywtaecm3kh/testing.sprucenetwork.com/routes/web.php(974): require()
#2 /home/rsywtaecm3kh/testing.sprucenetwork.com/vendor/laravel/framework/src/Illuminate/Routing/Router.php(393): require('/home/rsywtaecm...')
#3 /home/rsywtaecm3kh/testing.sprucenetwork.com/vendor/laravel/framework/src/Illuminate/Routing/Router.php(349): Illuminate\Routing\Router->loadRoutes('/home/rsywtaecm...')
#4 /home/rsywtaecm3kh/testing.sprucenetwork.com/vendor/laravel/framework/src/Illuminate/Routing/RouteRegistrar.php(105): Illuminate\Routing\Router->group(Array, '/home/rsywtaecm...')
#5 /home/rsywtaecm3kh/testing.sprucenetwork.com/app/Providers/RouteServic in /home/rsywtaecm3kh/testing.sprucenetwork.com/routes/web.php on line 974
[03-Feb-2020 12:04:38 UTC] PHP Fatal error:  Illuminate\Routing\Router::main(): Failed opening required 'modules/assets.php' (include_path='.:/opt/alt/php71/usr/share/pear') in /home/rsywtaecm3kh/testing.sprucenetwork.com/routes/web.php on line 974
[03-Feb-2020 12:04:41 UTC] PHP Warning:  Uncaught ErrorException: require(modules/assets.php): failed to open stream: No such file or directory in /home/rsywtaecm3kh/testing.sprucenetwork.com/routes/web.php:974
Stack trace:
#0 /home/rsywtaecm3kh/testing.sprucenetwork.com/routes/web.php(974): Illuminate\Foundation\Bootstrap\HandleExceptions->handleError(2, 'require(modules...', '/home/rsywtaecm...', 974, Array)
#1 /home/rsywtaecm3kh/testing.sprucenetwork.com/routes/web.php(974): require()
#2 /home/rsywtaecm3kh/testing.sprucenetwork.com/vendor/laravel/framework/src/Illuminate/Routing/Router.php(393): require('/home/rsywtaecm...')
#3 /home/rsywtaecm3kh/testing.sprucenetwork.com/vendor/laravel/framework/src/Illuminate/Routing/Router.php(349): Illuminate\Routing\Router->loadRoutes('/home/rsywtaecm...')
#4 /home/rsywtaecm3kh/testing.sprucenetwork.com/vendor/laravel/framework/src/Illuminate/Routing/RouteRegistrar.php(105): Illuminate\Routing\Router->group(Array, '/home/rsywtaecm...')
#5 /home/rsywtaecm3kh/testing.sprucenetwork.com/app/Providers/RouteServic in /home/rsywtaecm3kh/testing.sprucenetwork.com/routes/web.php on line 974
[03-Feb-2020 12:04:41 UTC] PHP Fatal error:  Illuminate\Routing\Router::main(): Failed opening required 'modules/assets.php' (include_path='.:/opt/alt/php71/usr/share/pear') in /home/rsywtaecm3kh/testing.sprucenetwork.com/routes/web.php on line 974
[06-Feb-2020 06:30:19 UTC] PHP Fatal error:  Out of memory (allocated 687865856) (tried to allocate 668995584 bytes) in /home/rsywtaecm3kh/testing.sprucenetwork.com/storage/framework/views/67d7db7f79487fa189877f47e9ca27ca504c5f3f.php on line 139
[06-Feb-2020 06:31:32 UTC] PHP Fatal error:  Out of memory (allocated 687865856) (tried to allocate 668995584 bytes) in /home/rsywtaecm3kh/testing.sprucenetwork.com/storage/framework/views/67d7db7f79487fa189877f47e9ca27ca504c5f3f.php on line 138
[06-Feb-2020 06:39:12 UTC] PHP Fatal error:  Out of memory (allocated 687865856) (tried to allocate 668995584 bytes) in /home/rsywtaecm3kh/testing.sprucenetwork.com/storage/framework/views/67d7db7f79487fa189877f47e9ca27ca504c5f3f.php on line 140
[11-Feb-2020 13:07:28 UTC] PHP Fatal error:  Out of memory (allocated 956301312) (tried to allocate 937431040 bytes) in /home/rsywtaecm3kh/testing.sprucenetwork.com/app/Http/Controllers/HrDataCallController.php on line 1414
[17-Feb-2020 11:34:23 UTC] PHP Fatal error:  Allowed memory size of 2147483648 bytes exhausted (tried to allocate 1071648768 bytes) in /home/rsywtaecm3kh/testing.sprucenetwork.com/app/Http/Controllers/SelectListLoadAjaxController.php on line 158
[19-Feb-2020 09:34:32 UTC] PHP Fatal error:  Cannot redeclare ordinal() (previously declared in /home/rsywtaecm3kh/testing.sprucenetwork.com/storage/framework/views/50a1205f82e0373f4dcf44804a17f0205aaa97fe.php:52) in /home/rsywtaecm3kh/testing.sprucenetwork.com/storage/framework/views/50a1205f82e0373f4dcf44804a17f0205aaa97fe.php on line 52
[19-Feb-2020 09:41:07 UTC] PHP Fatal error:  Out of memory (allocated 687865856) (tried to allocate 668995584 bytes) in /home/rsywtaecm3kh/testing.sprucenetwork.com/app/Http/Controllers/HrDataCallController.php on line 1649
[19-Feb-2020 09:41:18 UTC] PHP Fatal error:  Out of memory (allocated 687865856) (tried to allocate 668995584 bytes) in /home/rsywtaecm3kh/testing.sprucenetwork.com/app/Http/Controllers/HrDataCallController.php on line 1649
[19-Feb-2020 11:03:03 UTC] PHP Fatal error:  Out of memory (allocated 687865856) (tried to allocate 668995584 bytes) in /home/rsywtaecm3kh/testing.sprucenetwork.com/storage/framework/views/cc87b70edc3c7b645273743287e0e12afbf86bf8.php on line 2
[25-Feb-2020 11:24:18 UTC] PHP Fatal error:  Cannot use [] for reading in /home/rsywtaecm3kh/testing.sprucenetwork.com/storage/framework/views/68ff9ea764223906c58ab47632ebea131dad4581.php on line 91
[26-Feb-2020 06:22:57 UTC] PHP Fatal error:  Allowed memory size of 134217728 bytes exhausted (tried to allocate 115347456 bytes) in /home/rsywtaecm3kh/testing.sprucenetwork.com/app/Http/Controllers/HrDataCallController.php on line 202
[26-Feb-2020 06:23:06 UTC] PHP Fatal error:  Allowed memory size of 134217728 bytes exhausted (tried to allocate 115347456 bytes) in /home/rsywtaecm3kh/testing.sprucenetwork.com/app/Http/Controllers/HrDataCallController.php on line 202
[09-Mar-2020 12:29:12 UTC] PHP Fatal error:  Cannot redeclare App\Http\Controllers\HrAddDetailControler::addManualyAttendance() in /home/rsywtaecm3kh/public_html/innovative-hr.sprucenetwork.com/app/Http/Controllers/HrAddDetailControler.php on line 2778
[09-Mar-2020 12:29:23 UTC] PHP Fatal error:  Cannot redeclare App\Http\Controllers\HrAddDetailControler::addManualyAttendance() in /home/rsywtaecm3kh/public_html/innovative-hr.sprucenetwork.com/app/Http/Controllers/HrAddDetailControler.php on line 2778
[09-Mar-2020 12:29:53 UTC] PHP Fatal error:  Cannot redeclare App\Http\Controllers\HrAddDetailControler::addManualyAttendance() in /home/rsywtaecm3kh/public_html/innovative-hr.sprucenetwork.com/app/Http/Controllers/HrAddDetailControler.php on line 2778
[09-Mar-2020 12:32:44 UTC] PHP Fatal error:  Cannot redeclare App\Http\Controllers\HrAddDetailControler::addManualyAttendance() in /home/rsywtaecm3kh/public_html/innovative-hr.sprucenetwork.com/app/Http/Controllers/HrAddDetailControler.php on line 2778
[09-Mar-2020 12:36:10 UTC] PHP Fatal error:  Cannot redeclare App\Http\Controllers\HrAddDetailControler::addManualyAttendance() in /home/rsywtaecm3kh/public_html/innovative-hr.sprucenetwork.com/app/Http/Controllers/HrAddDetailControler.php on line 2778
[09-Mar-2020 12:42:12 UTC] PHP Fatal error:  Cannot redeclare App\Http\Controllers\HrAddDetailControler::addManualyAttendance() in /home/rsywtaecm3kh/public_html/innovative-hr.sprucenetwork.com/app/Http/Controllers/HrAddDetailControler.php on line 2778
[09-Mar-2020 12:44:56 UTC] PHP Fatal error:  Cannot redeclare App\Http\Controllers\HrAddDetailControler::addManualyAttendance() in /home/rsywtaecm3kh/public_html/innovative-hr.sprucenetwork.com/app/Http/Controllers/HrAddDetailControler.php on line 2778
[09-Mar-2020 12:45:50 UTC] PHP Fatal error:  Cannot redeclare App\Http\Controllers\HrAddDetailControler::addManualyAttendance() in /home/rsywtaecm3kh/public_html/innovative-hr.sprucenetwork.com/app/Http/Controllers/HrAddDetailControler.php on line 2778
[10-Mar-2020 06:02:29 UTC] PHP Fatal error:  Cannot use App\Models\WorkingHoursPolicy as WorkingHoursPolicy because the name is already in use in /home/rsywtaecm3kh/public_html/innovative-hr.sprucenetwork.com/app/Http/Controllers/HrController.php on line 80
[13-Mar-2020 08:01:04 UTC] PHP Fatal error:  Cannot redeclare App\Http\Controllers\HrController::createEmployeeProjectsForm() in /home/rsywtaecm3kh/public_html/innovative-hr.sprucenetwork.com/app/Http/Controllers/HrController.php on line 1583
[16-Mar-2020 07:22:37 UTC] PHP Fatal error:  Cannot use App\Models\SubDepartment as SubDepartment because the name is already in use in /home/rsywtaecm3kh/public_html/innovative-hr.sprucenetwork.com/app/Http/Controllers/HrDataCallController.php on line 90
[16-Mar-2020 07:22:38 UTC] PHP Fatal error:  Cannot use App\Models\SubDepartment as SubDepartment because the name is already in use in /home/rsywtaecm3kh/public_html/innovative-hr.sprucenetwork.com/app/Http/Controllers/HrDataCallController.php on line 90
[16-Mar-2020 07:22:45 UTC] PHP Fatal error:  Cannot use App\Models\SubDepartment as SubDepartment because the name is already in use in /home/rsywtaecm3kh/public_html/innovative-hr.sprucenetwork.com/app/Http/Controllers/HrDataCallController.php on line 90
[16-Mar-2020 07:22:46 UTC] PHP Fatal error:  Cannot use App\Models\SubDepartment as SubDepartment because the name is already in use in /home/rsywtaecm3kh/public_html/innovative-hr.sprucenetwork.com/app/Http/Controllers/HrDataCallController.php on line 90
[16-Mar-2020 07:22:54 UTC] PHP Fatal error:  Cannot use App\Models\SubDepartment as SubDepartment because the name is already in use in /home/rsywtaecm3kh/public_html/innovative-hr.sprucenetwork.com/app/Http/Controllers/HrDataCallController.php on line 90
[16-Mar-2020 07:23:23 UTC] PHP Fatal error:  Cannot use App\Models\SubDepartment as SubDepartment because the name is already in use in /home/rsywtaecm3kh/public_html/innovative-hr.sprucenetwork.com/app/Http/Controllers/HrDataCallController.php on line 90
[16-Mar-2020 07:25:00 UTC] PHP Fatal error:  Cannot use App\Models\SubDepartment as SubDepartment because the name is already in use in /home/rsywtaecm3kh/public_html/innovative-hr.sprucenetwork.com/app/Http/Controllers/HrDataCallController.php on line 90
[16-Mar-2020 07:25:03 UTC] PHP Fatal error:  Cannot use App\Models\SubDepartment as SubDepartment because the name is already in use in /home/rsywtaecm3kh/public_html/innovative-hr.sprucenetwork.com/app/Http/Controllers/HrDataCallController.php on line 90
[16-Mar-2020 07:27:58 UTC] PHP Fatal error:  Cannot use App\Models\SubDepartment as SubDepartment because the name is already in use in /home/rsywtaecm3kh/public_html/innovative-hr.sprucenetwork.com/app/Http/Controllers/HrDataCallController.php on line 90
[16-Mar-2020 07:28:06 UTC] PHP Fatal error:  Cannot use App\Models\SubDepartment as SubDepartment because the name is already in use in /home/rsywtaecm3kh/public_html/innovative-hr.sprucenetwork.com/app/Http/Controllers/HrDataCallController.php on line 90
[16-Mar-2020 09:54:47 UTC] PHP Fatal error:  Cannot use App\Helpers\CommonHelper as CommonHelper because the name is already in use in /home/rsywtaecm3kh/public_html/innovative-hr.sprucenetwork.com/storage/framework/views/2f330268a4c40ea50d444c24403c5bb3ca175562.php on line 7
[17-Mar-2020 07:17:58 UTC] PHP Fatal error:  Out of memory (allocated 687865856) (tried to allocate 668995584 bytes) in /home/rsywtaecm3kh/public_html/innovative-hr.sprucenetwork.com/app/Http/Controllers/HrDataCallController.php on line 263
[17-Mar-2020 07:18:20 UTC] PHP Fatal error:  Out of memory (allocated 687865856) (tried to allocate 668995584 bytes) in /home/rsywtaecm3kh/public_html/innovative-hr.sprucenetwork.com/app/Http/Controllers/HrDataCallController.php on line 263
[17-Mar-2020 07:18:34 UTC] PHP Fatal error:  Out of memory (allocated 687865856) (tried to allocate 668995584 bytes) in /home/rsywtaecm3kh/public_html/innovative-hr.sprucenetwork.com/app/Http/Controllers/HrDataCallController.php on line 263
[19-Mar-2020 09:37:13 UTC] PHP Fatal error:  Cannot use empty array elements in arrays in /home/rsywtaecm3kh/public_html/innovative-hr.sprucenetwork.com/app/Http/Controllers/HrDataCallController.php on line 1056
[19-Mar-2020 09:37:32 UTC] PHP Fatal error:  Cannot use empty array elements in arrays in /home/rsywtaecm3kh/public_html/innovative-hr.sprucenetwork.com/app/Http/Controllers/HrDataCallController.php on line 1056
[19-Mar-2020 09:37:35 UTC] PHP Fatal error:  Cannot use empty array elements in arrays in /home/rsywtaecm3kh/public_html/innovative-hr.sprucenetwork.com/app/Http/Controllers/HrDataCallController.php on line 1056
[01-May-2020 09:43:31 UTC] PHP Fatal error:  Cannot use App\Models\EmployeePromotion as EmployeePromotion because the name is already in use in /home/smrhr/public_html/innovative.smrhr.com/storage/framework/views/eae9bf4059049abb6a067cfa1e010d1a2c8279b8.php on line 43
[08-May-2020 07:21:05 UTC] PHP Warning:  Unexpected character in input:  '' (ASCII=22) state=0 in /home/smrhr/public_html/innovative.smrhr.com/app/Http/Controllers/HrDataCallController.php on line 2251
[14-Jun-2020 19:32:08 UTC] PHP Warning:  Uncaught ErrorException: Object of class stdClass could not be converted to string in /home/smrhr/public_html/innovative.smrhr.com/storage/framework/views/82fe9dd55824f3285fdc4bc00cf730129619d0b5.php:36
Stack trace:
#0 [internal function]: Illuminate\Foundation\Bootstrap\HandleExceptions->handleError(4096, 'Object of class...', '/home/smrhr/pub...', 36, Array)
#1 /home/smrhr/public_html/innovative.smrhr.com/storage/framework/views/82fe9dd55824f3285fdc4bc00cf730129619d0b5.php(36): array_unique(Array)
#2 /home/smrhr/public_html/innovative.smrhr.com/vendor/laravel/framework/src/Illuminate/View/Engines/PhpEngine.php(43): include('/home/smrhr/pub...')
#3 /home/smrhr/public_html/innovative.smrhr.com/vendor/laravel/framework/src/Illuminate/View/Engines/CompilerEngine.php(59): Illuminate\View\Engines\PhpEngine->evaluatePath('/home/smrhr/pub...', Array)
#4 /home/smrhr/public_html/innovative.smrhr.com/vendor/laravel/framework/src/Illuminate/View/View.php(137): Illuminate\View\Engines\CompilerEngine->get('/home/smrhr/pu in /home/smrhr/public_html/innovative.smrhr.com/storage/framework/views/82fe9dd55824f3285fdc4bc00cf730129619d0b5.php on line 36
[14-Jun-2020 19:32:08 UTC] PHP Fatal error:  Object of class stdClass could not be converted to string in /home/smrhr/public_html/innovative.smrhr.com/storage/framework/views/82fe9dd55824f3285fdc4bc00cf730129619d0b5.php on line 36
[01-Sep-2020 05:18:32 UTC] PHP Fatal error:  Allowed memory size of 536870912 bytes exhausted (tried to allocate 518000640 bytes) in /home/ljz29plvbph9/public_html/muzamil/innovative.smrsoftwares.com/app/Http/Controllers/HrDataCallController.php on line 280
[01-Sep-2020 05:18:37 UTC] PHP Fatal error:  Allowed memory size of 536870912 bytes exhausted (tried to allocate 518000640 bytes) in /home/ljz29plvbph9/public_html/muzamil/innovative.smrsoftwares.com/app/Http/Controllers/HrDataCallController.php on line 280
[01-Sep-2020 06:07:31 UTC] PHP Fatal error:  Allowed memory size of 536870912 bytes exhausted (tried to allocate 515903488 bytes) in /home/ljz29plvbph9/public_html/muzamil/innovative.smrsoftwares.com/storage/framework/views/610739b34dbe965e2e37e5ce8a0350fb80fa0cd9.php on line 105
[01-Sep-2020 06:07:43 UTC] PHP Fatal error:  Allowed memory size of 536870912 bytes exhausted (tried to allocate 515903488 bytes) in /home/ljz29plvbph9/public_html/muzamil/innovative.smrsoftwares.com/storage/framework/views/610739b34dbe965e2e37e5ce8a0350fb80fa0cd9.php on line 105
[01-Sep-2020 06:07:51 UTC] PHP Fatal error:  Allowed memory size of 536870912 bytes exhausted (tried to allocate 515903488 bytes) in /home/ljz29plvbph9/public_html/muzamil/innovative.smrsoftwares.com/storage/framework/views/610739b34dbe965e2e37e5ce8a0350fb80fa0cd9.php on line 105
[04-Sep-2020 05:30:24 UTC] PHP Fatal error:  Allowed memory size of 536870912 bytes exhausted (tried to allocate 515903488 bytes) in /home/ljz29plvbph9/public_html/muzamil/innovative.smrsoftwares.com/storage/framework/views/610739b34dbe965e2e37e5ce8a0350fb80fa0cd9.php on line 104
[04-Sep-2020 05:30:31 UTC] PHP Fatal error:  Allowed memory size of 536870912 bytes exhausted (tried to allocate 515903488 bytes) in /home/ljz29plvbph9/public_html/muzamil/innovative.smrsoftwares.com/storage/framework/views/610739b34dbe965e2e37e5ce8a0350fb80fa0cd9.php on line 104
[04-Sep-2020 05:31:02 UTC] PHP Fatal error:  Allowed memory size of 536870912 bytes exhausted (tried to allocate 515903488 bytes) in /home/ljz29plvbph9/public_html/muzamil/innovative.smrsoftwares.com/storage/framework/views/610739b34dbe965e2e37e5ce8a0350fb80fa0cd9.php on line 104
[10-Sep-2020 06:24:19 UTC] PHP Fatal error:  Allowed memory size of 536870912 bytes exhausted (tried to allocate 518000640 bytes) in /home/ljz29plvbph9/public_html/muzamil/innovative.smrsoftwares.com/app/Http/Controllers/HrDataCallController.php on line 292
[10-Sep-2020 06:24:28 UTC] PHP Fatal error:  Allowed memory size of 536870912 bytes exhausted (tried to allocate 518000640 bytes) in /home/ljz29plvbph9/public_html/muzamil/innovative.smrsoftwares.com/app/Http/Controllers/HrDataCallController.php on line 292
[10-Sep-2020 06:24:40 UTC] PHP Fatal error:  Allowed memory size of 536870912 bytes exhausted (tried to allocate 518000640 bytes) in /home/ljz29plvbph9/public_html/muzamil/innovative.smrsoftwares.com/app/Http/Controllers/HrDataCallController.php on line 292
[17-Sep-2020 10:43:02 UTC] PHP Fatal error:  Allowed memory size of 536870912 bytes exhausted (tried to allocate 518000640 bytes) in /home/ljz29plvbph9/public_html/muzamil/innovative.smrsoftwares.com/app/Http/Controllers/SelectListLoadAjaxController.php on line 224
[19-Jan-2021 02:51:15 America/New_York] PHP Fatal error:  Uncaught ReflectionException: Class config does not exist in /home/hrinnovative/public_html/v2/vendor/laravel/framework/src/Illuminate/Container/Container.php:752
Stack trace:
#0 /home/hrinnovative/public_html/v2/vendor/laravel/framework/src/Illuminate/Container/Container.php(752): ReflectionClass->__construct('config')
#1 /home/hrinnovative/public_html/v2/vendor/laravel/framework/src/Illuminate/Container/Container.php(631): Illuminate\Container\Container->build('config')
#2 /home/hrinnovative/public_html/v2/vendor/laravel/framework/src/Illuminate/Container/Container.php(586): Illuminate\Container\Container->resolve('config', Array)
#3 /home/hrinnovative/public_html/v2/vendor/laravel/framework/src/Illuminate/Foundation/Application.php(732): Illuminate\Container\Container->make('config', Array)
#4 /home/hrinnovative/public_html/v2/vendor/laravel/framework/src/Illuminate/Foundation/helpers.php(110): Illuminate\Foundation\Application->make('config', Array)
#5 /home/hrinnovative/public_html/v2/vendor/laravel/fram in /home/hrinnovative/public_html/v2/vendor/laravel/framework/src/Illuminate/Container/Container.php on line 752
[19-Jan-2021 02:51:30 America/New_York] PHP Fatal error:  Uncaught ReflectionException: Class config does not exist in /home/hrinnovative/public_html/v2/vendor/laravel/framework/src/Illuminate/Container/Container.php:752
Stack trace:
#0 /home/hrinnovative/public_html/v2/vendor/laravel/framework/src/Illuminate/Container/Container.php(752): ReflectionClass->__construct('config')
#1 /home/hrinnovative/public_html/v2/vendor/laravel/framework/src/Illuminate/Container/Container.php(631): Illuminate\Container\Container->build('config')
#2 /home/hrinnovative/public_html/v2/vendor/laravel/framework/src/Illuminate/Container/Container.php(586): Illuminate\Container\Container->resolve('config', Array)
#3 /home/hrinnovative/public_html/v2/vendor/laravel/framework/src/Illuminate/Foundation/Application.php(732): Illuminate\Container\Container->make('config', Array)
#4 /home/hrinnovative/public_html/v2/vendor/laravel/framework/src/Illuminate/Foundation/helpers.php(110): Illuminate\Foundation\Application->make('config', Array)
#5 /home/hrinnovative/public_html/v2/vendor/laravel/fram in /home/hrinnovative/public_html/v2/vendor/laravel/framework/src/Illuminate/Container/Container.php on line 752
[19-Jan-2021 02:51:30 America/New_York] PHP Fatal error:  Uncaught ReflectionException: Class config does not exist in /home/hrinnovative/public_html/v2/vendor/laravel/framework/src/Illuminate/Container/Container.php:752
Stack trace:
#0 /home/hrinnovative/public_html/v2/vendor/laravel/framework/src/Illuminate/Container/Container.php(752): ReflectionClass->__construct('config')
#1 /home/hrinnovative/public_html/v2/vendor/laravel/framework/src/Illuminate/Container/Container.php(631): Illuminate\Container\Container->build('config')
#2 /home/hrinnovative/public_html/v2/vendor/laravel/framework/src/Illuminate/Container/Container.php(586): Illuminate\Container\Container->resolve('config', Array)
#3 /home/hrinnovative/public_html/v2/vendor/laravel/framework/src/Illuminate/Foundation/Application.php(732): Illuminate\Container\Container->make('config', Array)
#4 /home/hrinnovative/public_html/v2/vendor/laravel/framework/src/Illuminate/Foundation/helpers.php(110): Illuminate\Foundation\Application->make('config', Array)
#5 /home/hrinnovative/public_html/v2/vendor/laravel/fram in /home/hrinnovative/public_html/v2/vendor/laravel/framework/src/Illuminate/Container/Container.php on line 752
[19-Jan-2021 02:51:34 America/New_York] PHP Fatal error:  Uncaught ReflectionException: Class config does not exist in /home/hrinnovative/public_html/v2/vendor/laravel/framework/src/Illuminate/Container/Container.php:752
Stack trace:
#0 /home/hrinnovative/public_html/v2/vendor/laravel/framework/src/Illuminate/Container/Container.php(752): ReflectionClass->__construct('config')
#1 /home/hrinnovative/public_html/v2/vendor/laravel/framework/src/Illuminate/Container/Container.php(631): Illuminate\Container\Container->build('config')
#2 /home/hrinnovative/public_html/v2/vendor/laravel/framework/src/Illuminate/Container/Container.php(586): Illuminate\Container\Container->resolve('config', Array)
#3 /home/hrinnovative/public_html/v2/vendor/laravel/framework/src/Illuminate/Foundation/Application.php(732): Illuminate\Container\Container->make('config', Array)
#4 /home/hrinnovative/public_html/v2/vendor/laravel/framework/src/Illuminate/Foundation/helpers.php(110): Illuminate\Foundation\Application->make('config', Array)
#5 /home/hrinnovative/public_html/v2/vendor/laravel/fram in /home/hrinnovative/public_html/v2/vendor/laravel/framework/src/Illuminate/Container/Container.php on line 752
[04-Dec-2021 09:21:49 UTC] PHP Notice:  PDO::__construct(): send of 132 bytes failed with errno=32 Broken pipe in /home/hrinnovative/public_html/vendor/laravel/framework/src/Illuminate/Database/Connectors/Connector.php on line 67
[04-Dec-2021 09:21:49 UTC] PHP Notice:  PDO::__construct(): send of 132 bytes failed with errno=32 Broken pipe in /home/hrinnovative/public_html/vendor/laravel/framework/src/Illuminate/Database/Connectors/Connector.php on line 67
[04-Dec-2021 09:21:49 UTC] PHP Notice:  PDO::__construct(): send of 132 bytes failed with errno=32 Broken pipe in /home/hrinnovative/public_html/vendor/laravel/framework/src/Illuminate/Database/Connectors/Connector.php on line 67
[10-Mar-2022 02:02:03 America/New_York] PHP Fatal error:  Uncaught Error: Call to undefined function dd() in /home/smrhr/public_html/demo.smrhr.com/index.php:2
Stack trace:
#0 {main}
  thrown in /home/smrhr/public_html/demo.smrhr.com/index.php on line 2
[10-Mar-2022 02:02:16 America/New_York] PHP Fatal error:  Uncaught Error: Call to undefined function dd() in /home/smrhr/public_html/demo.smrhr.com/index.php:2
Stack trace:
#0 {main}
  thrown in /home/smrhr/public_html/demo.smrhr.com/index.php on line 2
[18-Mar-2022 13:08:14 UTC] PHP Fatal error:  Cannot use lexical variable $message as a parameter name in /home/smrhr/public_html/demo.smrhr.com/app/Http/Controllers/HrAddDetailByAjaxController.php on line 296
[21-Mar-2022 05:23:20 UTC] PHP Fatal error:  Cannot use lexical variable $message as a parameter name in /home/smrhr/public_html/demo.smrhr.com/app/Http/Controllers/HrAddDetailByAjaxController.php on line 295
[21-Mar-2022 05:23:59 UTC] PHP Fatal error:  Cannot use lexical variable $message as a parameter name in /home/smrhr/public_html/demo.smrhr.com/app/Http/Controllers/HrAddDetailByAjaxController.php on line 295
